#
# There is insufficient memory for the Java Runtime Environment to continue.
# Native memory allocation (malloc) failed to allocate 1756848 bytes for Chunk::new
# Possible reasons:
#   The system is out of physical RAM or swap space
#   The process is running with CompressedOops enabled, and the Java Heap may be blocking the growth of the native heap
# Possible solutions:
#   Reduce memory load on the system
#   Increase physical memory or swap space
#   Check if swap backing store is full
#   Decrease Java heap size (-Xmx/-Xms)
#   Decrease number of Java threads
#   Decrease Java thread stack sizes (-Xss)
#   Set larger code cache with -XX:ReservedCodeCacheSize=
#   JVM is running with Unscaled Compressed Oops mode in which the Java heap is
#     placed in the first 4GB address space. The Java Heap base address is the
#     maximum limit for the native heap growth. Please use -XX:HeapBaseMinAddress
#     to set the Java Heap base and to place the Java Heap above 4GB virtual address.
# This output file may be truncated or incomplete.
#
#  Out of Memory Error (arena.cpp:189), pid=15680, tid=12360
#
# JRE version: OpenJDK Runtime Environment Temurin-17.0.1+12 (17.0.1+12) (build 17.0.1+12)
# Java VM: OpenJDK 64-Bit Server VM Temurin-17.0.1+12 (17.0.1+12, mixed mode, tiered, compressed oops, compressed class ptrs, g1 gc, windows-amd64)
# No core dump will be written. Minidumps are not enabled by default on client versions of Windows
#

---------------  S U M M A R Y ------------

Command Line: -Dfile.encoding=UTF-8 -XX:+ShowCodeDetailsInExceptionMessages com.springboot.mySpringBootCRUDapp.MynewappApplication

Host: Intel(R) Pentium(R) CPU 2020M @ 2.40GHz, 2 cores, 3G,  Windows 10 , 64 bit Build 19041 (10.0.19041.3031)
Time: Sun Jul 23 18:14:56 2023  Windows 10 , 64 bit Build 19041 (10.0.19041.3031) elapsed time: 2.644824 seconds (0d 0h 0m 2s)

---------------  T H R E A D  ---------------

Current thread (0x000002477adacae0):  JavaThread "C2 CompilerThread0" daemon [_thread_in_native, id=12360, stack(0x0000007321200000,0x0000007321300000)]


Current CompileTask:
C2:   2645 1603       4       jdk.internal.org.objectweb.asm.Frame::execute (2305 bytes)

Stack: [0x0000007321200000,0x0000007321300000]
Native frames: (J=compiled Java code, j=interpreted, Vv=VM code, C=native code)
V  [jvm.dll+0x6744da]
V  [jvm.dll+0x82e144]
V  [jvm.dll+0x82f8ee]
V  [jvm.dll+0x82ff53]
V  [jvm.dll+0x245175]
V  [jvm.dll+0xab85b]
V  [jvm.dll+0xabdec]
V  [jvm.dll+0x362f07]
V  [jvm.dll+0x32d4c1]
V  [jvm.dll+0x32c96a]
V  [jvm.dll+0x218031]
V  [jvm.dll+0x217451]
V  [jvm.dll+0x1a355d]
V  [jvm.dll+0x226e38]
V  [jvm.dll+0x224f7c]
V  [jvm.dll+0x7e3f5b]
V  [jvm.dll+0x7de51a]
V  [jvm.dll+0x673305]
C  [ucrtbase.dll+0x21bb2]
C  [KERNEL32.DLL+0x17614]
C  [ntdll.dll+0x526f1]


---------------  P R O C E S S  ---------------

Threads class SMR info:
_java_thread_list=0x000002477d011ab0, length=13, elements={
0x000002476215c6c0, 0x000002477add92b0, 0x000002477adda2b0, 0x000002477ada8dd0,
0x000002477adaa8a0, 0x000002477adab450, 0x000002477adabe00, 0x000002477adacae0,
0x000002477adf29b0, 0x000002477adf2ec0, 0x000002477b9489a0, 0x000002477b961010,
0x000002477d3934f0
}

Java Threads: ( => current thread )
  0x000002476215c6c0 JavaThread "main" [_thread_in_vm, id=16872, stack(0x0000007320500000,0x0000007320600000)]
  0x000002477add92b0 JavaThread "Reference Handler" daemon [_thread_blocked, id=18972, stack(0x0000007320c00000,0x0000007320d00000)]
  0x000002477adda2b0 JavaThread "Finalizer" daemon [_thread_blocked, id=19268, stack(0x0000007320d00000,0x0000007320e00000)]
  0x000002477ada8dd0 JavaThread "Signal Dispatcher" daemon [_thread_blocked, id=14768, stack(0x0000007320e00000,0x0000007320f00000)]
  0x000002477adaa8a0 JavaThread "Attach Listener" daemon [_thread_blocked, id=9592, stack(0x0000007320f00000,0x0000007321000000)]
  0x000002477adab450 JavaThread "Service Thread" daemon [_thread_blocked, id=18144, stack(0x0000007321000000,0x0000007321100000)]
  0x000002477adabe00 JavaThread "Monitor Deflation Thread" daemon [_thread_blocked, id=9532, stack(0x0000007321100000,0x0000007321200000)]
=>0x000002477adacae0 JavaThread "C2 CompilerThread0" daemon [_thread_in_native, id=12360, stack(0x0000007321200000,0x0000007321300000)]
  0x000002477adf29b0 JavaThread "C1 CompilerThread0" daemon [_thread_blocked, id=16620, stack(0x0000007321300000,0x0000007321400000)]
  0x000002477adf2ec0 JavaThread "Sweeper thread" daemon [_thread_blocked, id=1960, stack(0x0000007321400000,0x0000007321500000)]
  0x000002477b9489a0 JavaThread "Notification Thread" daemon [_thread_blocked, id=18808, stack(0x0000007321500000,0x0000007321600000)]
  0x000002477b961010 JavaThread "Common-Cleaner" daemon [_thread_blocked, id=14264, stack(0x0000007321700000,0x0000007321800000)]
  0x000002477d3934f0 JavaThread "background-preinit" [_thread_in_vm, id=4792, stack(0x0000007321900000,0x0000007321a00000)]

Other Threads:
  0x00000247623094e0 VMThread "VM Thread" [stack: 0x0000007320b00000,0x0000007320c00000] [id=13884]
  0x000002477b94ae80 WatcherThread [stack: 0x0000007321600000,0x0000007321700000] [id=11468]
  0x000002476228b040 GCTaskThread "GC Thread#0" [stack: 0x0000007320600000,0x0000007320700000] [id=7836]
  0x000002477bd29fa0 GCTaskThread "GC Thread#1" [stack: 0x0000007321800000,0x0000007321900000] [id=15124]
  0x0000024762294360 ConcurrentGCThread "G1 Main Marker" [stack: 0x0000007320700000,0x0000007320800000] [id=16688]
  0x0000024762294d70 ConcurrentGCThread "G1 Conc#0" [stack: 0x0000007320800000,0x0000007320900000] [id=800]
  0x00000247622df810 ConcurrentGCThread "G1 Refine#0" [stack: 0x0000007320900000,0x0000007320a00000] [id=15900]
  0x00000247622e0230 ConcurrentGCThread "G1 Service" [stack: 0x0000007320a00000,0x0000007320b00000] [id=15612]

Threads with active compile tasks:
C2 CompilerThread0     2692 1603       4       jdk.internal.org.objectweb.asm.Frame::execute (2305 bytes)

VM state: not at safepoint (normal execution)

VM Mutex/Monitor currently owned by a thread: None

Heap address: 0x00000000c1e00000, size: 994 MB, Compressed Oops mode: 32-bit

CDS archive(s) not mapped
Compressed class space mapped at: 0x0000000100000000-0x0000000140000000, reserved size: 1073741824
Narrow klass base: 0x0000000000000000, Narrow klass shift: 3, Narrow klass range: 0x140000000

GC Precious Log:
 CPUs: 2 total, 2 available
 Memory: 3975M
 Large Page Support: Disabled
 NUMA Support: Disabled
 Compressed Oops: Enabled (32-bit)
 Heap Region Size: 1M
 Heap Min Capacity: 8M
 Heap Initial Capacity: 64M
 Heap Max Capacity: 994M
 Pre-touch: Disabled
 Parallel Workers: 2
 Concurrent Workers: 1
 Concurrent Refinement Workers: 2
 Periodic GC: Disabled

Heap:
 garbage-first heap   total 65536K, used 30659K [0x00000000c1e00000, 0x0000000100000000)
  region size 1024K, 28 young (28672K), 2 survivors (2048K)
 Metaspace       used 19618K, committed 19840K, reserved 1073152K
  class space    used 2080K, committed 2176K, reserved 1048576K

Heap Regions: E=young(eden), S=young(survivor), O=old, HS=humongous(starts), HC=humongous(continues), CS=collection set, F=free, OA=open archive, CA=closed archive, TAMS=top-at-mark-start (previous, next)
|   0|0x00000000c1e00000, 0x00000000c1f00000, 0x00000000c1f00000|100%|HS|  |TAMS 0x00000000c1e00000, 0x00000000c1e00000| Complete 
|   1|0x00000000c1f00000, 0x00000000c2000000, 0x00000000c2000000|100%| O|  |TAMS 0x00000000c1f00000, 0x00000000c1f00000| Untracked 
|   2|0x00000000c2000000, 0x00000000c2100000, 0x00000000c2100000|100%| O|  |TAMS 0x00000000c2000000, 0x00000000c2000000| Untracked 
|   3|0x00000000c2100000, 0x00000000c2200000, 0x00000000c2200000|100%| O|  |TAMS 0x00000000c2100000, 0x00000000c2100000| Untracked 
|   4|0x00000000c2200000, 0x00000000c228ca00, 0x00000000c2300000| 54%| O|  |TAMS 0x00000000c2200000, 0x00000000c2200000| Untracked 
|   5|0x00000000c2300000, 0x00000000c2300000, 0x00000000c2400000|  0%| F|  |TAMS 0x00000000c2300000, 0x00000000c2300000| Untracked 
|   6|0x00000000c2400000, 0x00000000c2400000, 0x00000000c2500000|  0%| F|  |TAMS 0x00000000c2400000, 0x00000000c2400000| Untracked 
|   7|0x00000000c2500000, 0x00000000c2500000, 0x00000000c2600000|  0%| F|  |TAMS 0x00000000c2500000, 0x00000000c2500000| Untracked 
|   8|0x00000000c2600000, 0x00000000c2600000, 0x00000000c2700000|  0%| F|  |TAMS 0x00000000c2600000, 0x00000000c2600000| Untracked 
|   9|0x00000000c2700000, 0x00000000c2700000, 0x00000000c2800000|  0%| F|  |TAMS 0x00000000c2700000, 0x00000000c2700000| Untracked 
|  10|0x00000000c2800000, 0x00000000c2800000, 0x00000000c2900000|  0%| F|  |TAMS 0x00000000c2800000, 0x00000000c2800000| Untracked 
|  11|0x00000000c2900000, 0x00000000c2900000, 0x00000000c2a00000|  0%| F|  |TAMS 0x00000000c2900000, 0x00000000c2900000| Untracked 
|  12|0x00000000c2a00000, 0x00000000c2a00000, 0x00000000c2b00000|  0%| F|  |TAMS 0x00000000c2a00000, 0x00000000c2a00000| Untracked 
|  13|0x00000000c2b00000, 0x00000000c2b00000, 0x00000000c2c00000|  0%| F|  |TAMS 0x00000000c2b00000, 0x00000000c2b00000| Untracked 
|  14|0x00000000c2c00000, 0x00000000c2c00000, 0x00000000c2d00000|  0%| F|  |TAMS 0x00000000c2c00000, 0x00000000c2c00000| Untracked 
|  15|0x00000000c2d00000, 0x00000000c2d00000, 0x00000000c2e00000|  0%| F|  |TAMS 0x00000000c2d00000, 0x00000000c2d00000| Untracked 
|  16|0x00000000c2e00000, 0x00000000c2e00000, 0x00000000c2f00000|  0%| F|  |TAMS 0x00000000c2e00000, 0x00000000c2e00000| Untracked 
|  17|0x00000000c2f00000, 0x00000000c2f00000, 0x00000000c3000000|  0%| F|  |TAMS 0x00000000c2f00000, 0x00000000c2f00000| Untracked 
|  18|0x00000000c3000000, 0x00000000c3000000, 0x00000000c3100000|  0%| F|  |TAMS 0x00000000c3000000, 0x00000000c3000000| Untracked 
|  19|0x00000000c3100000, 0x00000000c3100000, 0x00000000c3200000|  0%| F|  |TAMS 0x00000000c3100000, 0x00000000c3100000| Untracked 
|  20|0x00000000c3200000, 0x00000000c3200000, 0x00000000c3300000|  0%| F|  |TAMS 0x00000000c3200000, 0x00000000c3200000| Untracked 
|  21|0x00000000c3300000, 0x00000000c3300000, 0x00000000c3400000|  0%| F|  |TAMS 0x00000000c3300000, 0x00000000c3300000| Untracked 
|  22|0x00000000c3400000, 0x00000000c3400000, 0x00000000c3500000|  0%| F|  |TAMS 0x00000000c3400000, 0x00000000c3400000| Untracked 
|  23|0x00000000c3500000, 0x00000000c3500000, 0x00000000c3600000|  0%| F|  |TAMS 0x00000000c3500000, 0x00000000c3500000| Untracked 
|  24|0x00000000c3600000, 0x00000000c3600000, 0x00000000c3700000|  0%| F|  |TAMS 0x00000000c3600000, 0x00000000c3600000| Untracked 
|  25|0x00000000c3700000, 0x00000000c3700000, 0x00000000c3800000|  0%| F|  |TAMS 0x00000000c3700000, 0x00000000c3700000| Untracked 
|  26|0x00000000c3800000, 0x00000000c3800000, 0x00000000c3900000|  0%| F|  |TAMS 0x00000000c3800000, 0x00000000c3800000| Untracked 
|  27|0x00000000c3900000, 0x00000000c3900000, 0x00000000c3a00000|  0%| F|  |TAMS 0x00000000c3900000, 0x00000000c3900000| Untracked 
|  28|0x00000000c3a00000, 0x00000000c3a00000, 0x00000000c3b00000|  0%| F|  |TAMS 0x00000000c3a00000, 0x00000000c3a00000| Untracked 
|  29|0x00000000c3b00000, 0x00000000c3b00000, 0x00000000c3c00000|  0%| F|  |TAMS 0x00000000c3b00000, 0x00000000c3b00000| Untracked 
|  30|0x00000000c3c00000, 0x00000000c3c00000, 0x00000000c3d00000|  0%| F|  |TAMS 0x00000000c3c00000, 0x00000000c3c00000| Untracked 
|  31|0x00000000c3d00000, 0x00000000c3d00000, 0x00000000c3e00000|  0%| F|  |TAMS 0x00000000c3d00000, 0x00000000c3d00000| Untracked 
|  32|0x00000000c3e00000, 0x00000000c3e00000, 0x00000000c3f00000|  0%| F|  |TAMS 0x00000000c3e00000, 0x00000000c3e00000| Untracked 
|  33|0x00000000c3f00000, 0x00000000c3f00000, 0x00000000c4000000|  0%| F|  |TAMS 0x00000000c3f00000, 0x00000000c3f00000| Untracked 
|  34|0x00000000c4000000, 0x00000000c4000000, 0x00000000c4100000|  0%| F|  |TAMS 0x00000000c4000000, 0x00000000c4000000| Untracked 
|  35|0x00000000c4100000, 0x00000000c4100000, 0x00000000c4200000|  0%| F|  |TAMS 0x00000000c4100000, 0x00000000c4100000| Untracked 
|  36|0x00000000c4200000, 0x00000000c4281728, 0x00000000c4300000| 50%| E|  |TAMS 0x00000000c4200000, 0x00000000c4200000| Complete 
|  37|0x00000000c4300000, 0x00000000c4400000, 0x00000000c4400000|100%| E|CS|TAMS 0x00000000c4300000, 0x00000000c4300000| Complete 
|  38|0x00000000c4400000, 0x00000000c4500000, 0x00000000c4500000|100%| E|CS|TAMS 0x00000000c4400000, 0x00000000c4400000| Complete 
|  39|0x00000000c4500000, 0x00000000c4600000, 0x00000000c4600000|100%| E|CS|TAMS 0x00000000c4500000, 0x00000000c4500000| Complete 
|  40|0x00000000c4600000, 0x00000000c4700000, 0x00000000c4700000|100%| E|CS|TAMS 0x00000000c4600000, 0x00000000c4600000| Complete 
|  41|0x00000000c4700000, 0x00000000c4800000, 0x00000000c4800000|100%| E|  |TAMS 0x00000000c4700000, 0x00000000c4700000| Complete 
|  42|0x00000000c4800000, 0x00000000c4900000, 0x00000000c4900000|100%| E|CS|TAMS 0x00000000c4800000, 0x00000000c4800000| Complete 
|  43|0x00000000c4900000, 0x00000000c4a00000, 0x00000000c4a00000|100%| E|CS|TAMS 0x00000000c4900000, 0x00000000c4900000| Complete 
|  44|0x00000000c4a00000, 0x00000000c4b00000, 0x00000000c4b00000|100%| E|CS|TAMS 0x00000000c4a00000, 0x00000000c4a00000| Complete 
|  45|0x00000000c4b00000, 0x00000000c4c00000, 0x00000000c4c00000|100%| E|CS|TAMS 0x00000000c4b00000, 0x00000000c4b00000| Complete 
|  46|0x00000000c4c00000, 0x00000000c4d00000, 0x00000000c4d00000|100%| E|CS|TAMS 0x00000000c4c00000, 0x00000000c4c00000| Complete 
|  47|0x00000000c4d00000, 0x00000000c4e00000, 0x00000000c4e00000|100%| E|CS|TAMS 0x00000000c4d00000, 0x00000000c4d00000| Complete 
|  48|0x00000000c4e00000, 0x00000000c4f00000, 0x00000000c4f00000|100%| E|CS|TAMS 0x00000000c4e00000, 0x00000000c4e00000| Complete 
|  49|0x00000000c4f00000, 0x00000000c5000000, 0x00000000c5000000|100%| E|CS|TAMS 0x00000000c4f00000, 0x00000000c4f00000| Complete 
|  50|0x00000000c5000000, 0x00000000c5100000, 0x00000000c5100000|100%| E|CS|TAMS 0x00000000c5000000, 0x00000000c5000000| Complete 
|  51|0x00000000c5100000, 0x00000000c5200000, 0x00000000c5200000|100%| E|CS|TAMS 0x00000000c5100000, 0x00000000c5100000| Complete 
|  52|0x00000000c5200000, 0x00000000c5300000, 0x00000000c5300000|100%| E|CS|TAMS 0x00000000c5200000, 0x00000000c5200000| Complete 
|  53|0x00000000c5300000, 0x00000000c53642f0, 0x00000000c5400000| 39%| S|CS|TAMS 0x00000000c5300000, 0x00000000c5300000| Complete 
|  54|0x00000000c5400000, 0x00000000c5500000, 0x00000000c5500000|100%| S|CS|TAMS 0x00000000c5400000, 0x00000000c5400000| Complete 
|  55|0x00000000c5500000, 0x00000000c5600000, 0x00000000c5600000|100%| E|CS|TAMS 0x00000000c5500000, 0x00000000c5500000| Complete 
|  56|0x00000000c5600000, 0x00000000c5700000, 0x00000000c5700000|100%| E|CS|TAMS 0x00000000c5600000, 0x00000000c5600000| Complete 
|  57|0x00000000c5700000, 0x00000000c5800000, 0x00000000c5800000|100%| E|CS|TAMS 0x00000000c5700000, 0x00000000c5700000| Complete 
|  58|0x00000000c5800000, 0x00000000c5900000, 0x00000000c5900000|100%| E|CS|TAMS 0x00000000c5800000, 0x00000000c5800000| Complete 
|  59|0x00000000c5900000, 0x00000000c5a00000, 0x00000000c5a00000|100%| E|CS|TAMS 0x00000000c5900000, 0x00000000c5900000| Complete 
|  60|0x00000000c5a00000, 0x00000000c5b00000, 0x00000000c5b00000|100%| E|CS|TAMS 0x00000000c5a00000, 0x00000000c5a00000| Complete 
|  61|0x00000000c5b00000, 0x00000000c5c00000, 0x00000000c5c00000|100%| E|CS|TAMS 0x00000000c5b00000, 0x00000000c5b00000| Complete 
|  62|0x00000000c5c00000, 0x00000000c5d00000, 0x00000000c5d00000|100%| E|CS|TAMS 0x00000000c5c00000, 0x00000000c5c00000| Complete 
|  63|0x00000000c5d00000, 0x00000000c5e00000, 0x00000000c5e00000|100%| E|CS|TAMS 0x00000000c5d00000, 0x00000000c5d00000| Complete 

Card table byte_map: [0x0000024776720000,0x0000024776920000] _byte_map_base: 0x0000024776111000

Marking Bits (Prev, Next): (CMBitMap*) 0x000002476228b650, (CMBitMap*) 0x000002476228b690
 Prev Bits: [0x0000024776b20000, 0x0000024777aa8000)
 Next Bits: [0x0000024777ab0000, 0x0000024778a38000)

Polling page: 0x0000024762040000

Metaspace:

Usage:
  Non-class:     17.13 MB used.
      Class:      2.03 MB used.
       Both:     19.16 MB used.

Virtual space:
  Non-class space:       24.00 MB reserved,      17.25 MB ( 72%) committed,  3 nodes.
      Class space:        1.00 GB reserved,       2.12 MB ( <1%) committed,  1 nodes.
             Both:        1.02 GB reserved,      19.38 MB (  2%) committed. 

Chunk freelists:
   Non-Class:  2.34 MB
       Class:  1.70 MB
        Both:  4.05 MB

MaxMetaspaceSize: unlimited
CompressedClassSpaceSize: 1.00 GB
Initial GC threshold: 21.00 MB
Current GC threshold: 21.00 MB
CDS: off
MetaspaceReclaimPolicy: balanced
 - commit_granule_bytes: 65536.
 - commit_granule_words: 8192.
 - virtual_space_node_default_size: 1048576.
 - enlarge_chunks_in_place: 1.
 - new_chunks_are_fully_committed: 0.
 - uncommit_free_chunks: 1.
 - use_allocation_guard: 0.
 - handle_deallocations: 1.


Internal statistics:

num_allocs_failed_limit: 0.
num_arena_births: 158.
num_arena_deaths: 0.
num_vsnodes_births: 4.
num_vsnodes_deaths: 0.
num_space_committed: 310.
num_space_uncommitted: 0.
num_chunks_returned_to_freelist: 0.
num_chunks_taken_from_freelist: 520.
num_chunk_merges: 0.
num_chunk_splits: 324.
num_chunks_enlarged: 256.
num_purges: 0.
num_inconsistent_stats: 0.

CodeHeap 'non-profiled nmethods': size=120064Kb used=589Kb max_used=589Kb free=119474Kb
 bounds [0x000002476ebe0000, 0x000002476ee50000, 0x0000024776120000]
CodeHeap 'profiled nmethods': size=120000Kb used=3225Kb max_used=3225Kb free=116774Kb
 bounds [0x00000247676b0000, 0x00000247679e0000, 0x000002476ebe0000]
CodeHeap 'non-nmethods': size=5696Kb used=1175Kb max_used=1178Kb free=4520Kb
 bounds [0x0000024767120000, 0x0000024767390000, 0x00000247676b0000]
 total_blobs=2178 nmethods=1710 adapters=381
 compilation: enabled
              stopped_count=0, restarted_count=0
 full_count=0

Compilation events (20 events):
Event: 2.603 Thread 0x000002477adf29b0 1693       3       sun.util.locale.BaseLocale$Key::<init> (76 bytes)
Event: 2.604 Thread 0x000002477adf29b0 nmethod 1693 0x00000247679c0e10 code [0x00000247679c1000, 0x00000247679c16b8]
Event: 2.604 Thread 0x000002477adf29b0 1694       3       sun.util.locale.LocaleUtils::isEmpty (19 bytes)
Event: 2.604 Thread 0x000002477adf29b0 nmethod 1694 0x00000247679c1910 code [0x00000247679c1ac0, 0x00000247679c1d08]
Event: 2.604 Thread 0x000002477adf29b0 1695       3       sun.util.locale.BaseLocale$Key::normalize (67 bytes)
Event: 2.604 Thread 0x000002477adf29b0 nmethod 1695 0x00000247679c1e10 code [0x00000247679c1fc0, 0x00000247679c2248]
Event: 2.606 Thread 0x000002477adf29b0 1696       3       sun.util.locale.LocaleUtils::toUpperString (95 bytes)
Event: 2.607 Thread 0x000002477adf29b0 nmethod 1696 0x00000247679c2390 code [0x00000247679c2660, 0x00000247679c3808]
Event: 2.607 Thread 0x000002477adf29b0 1697       3       sun.util.locale.BaseLocale::getInstance (149 bytes)
Event: 2.608 Thread 0x000002477adf29b0 nmethod 1697 0x00000247679c3e90 code [0x00000247679c4100, 0x00000247679c4b68]
Event: 2.609 Thread 0x000002477adf29b0 1698       3       sun.util.locale.BaseLocale$Key::hashCode (178 bytes)
Event: 2.612 Thread 0x000002477adf29b0 nmethod 1698 0x00000247679c4f90 code [0x00000247679c53a0, 0x00000247679c7418]
Event: 2.613 Thread 0x000002477adf29b0 1699       3       java.util.Locale::<init> (15 bytes)
Event: 2.613 Thread 0x000002477adf29b0 nmethod 1699 0x00000247679c8190 code [0x00000247679c8340, 0x00000247679c8558]
Event: 2.613 Thread 0x000002477adf29b0 1700       3       sun.util.locale.LocaleUtils::toTitleString (139 bytes)
Event: 2.619 Thread 0x000002477adf29b0 nmethod 1700 0x00000247679c8610 code [0x00000247679c8980, 0x00000247679ca388]
Event: 2.639 Thread 0x000002477adf29b0 1701       3       sun.util.locale.BaseLocale$Key::getBaseLocale (25 bytes)
Event: 2.639 Thread 0x000002477adf29b0 nmethod 1701 0x00000247679cac10 code [0x00000247679cadc0, 0x00000247679cb0e8]
Event: 2.639 Thread 0x000002477adf29b0 1702       3       java.util.Locale::getInstance (55 bytes)
Event: 2.640 Thread 0x000002477adf29b0 nmethod 1702 0x00000247679cb210 code [0x00000247679cb420, 0x00000247679cbbf8]

GC Heap History (6 events):
Event: 0.443 GC heap before
{Heap before GC invocations=0 (full 0):
 garbage-first heap   total 65536K, used 6144K [0x00000000c1e00000, 0x0000000100000000)
  region size 1024K, 6 young (6144K), 0 survivors (0K)
 Metaspace       used 6040K, committed 6144K, reserved 1056768K
  class space    used 477K, committed 512K, reserved 1048576K
}
Event: 0.447 GC heap after
{Heap after GC invocations=1 (full 0):
 garbage-first heap   total 65536K, used 4519K [0x00000000c1e00000, 0x0000000100000000)
  region size 1024K, 1 young (1024K), 1 survivors (1024K)
 Metaspace       used 6040K, committed 6144K, reserved 1056768K
  class space    used 477K, committed 512K, reserved 1048576K
}
Event: 0.723 GC heap before
{Heap before GC invocations=1 (full 0):
 garbage-first heap   total 65536K, used 7591K [0x00000000c1e00000, 0x0000000100000000)
  region size 1024K, 4 young (4096K), 1 survivors (1024K)
 Metaspace       used 8910K, committed 9088K, reserved 1064960K
  class space    used 765K, committed 832K, reserved 1048576K
}
Event: 0.725 GC heap after
{Heap after GC invocations=2 (full 0):
 garbage-first heap   total 65536K, used 5517K [0x00000000c1e00000, 0x0000000100000000)
  region size 1024K, 1 young (1024K), 1 survivors (1024K)
 Metaspace       used 8910K, committed 9088K, reserved 1064960K
  class space    used 765K, committed 832K, reserved 1048576K
}
Event: 1.300 GC heap before
{Heap before GC invocations=2 (full 0):
 garbage-first heap   total 65536K, used 12685K [0x00000000c1e00000, 0x0000000100000000)
  region size 1024K, 9 young (9216K), 1 survivors (1024K)
 Metaspace       used 11822K, committed 11968K, reserved 1064960K
  class space    used 1152K, committed 1216K, reserved 1048576K
}
Event: 1.303 GC heap after
{Heap after GC invocations=3 (full 0):
 garbage-first heap   total 65536K, used 6083K [0x00000000c1e00000, 0x0000000100000000)
  region size 1024K, 2 young (2048K), 2 survivors (2048K)
 Metaspace       used 11822K, committed 11968K, reserved 1064960K
  class space    used 1152K, committed 1216K, reserved 1048576K
}

Deoptimization events (20 events):
Event: 2.037 Thread 0x000002476215c6c0 Uncommon trap: trap_request=0xffffffc6 fr.pc=0x000002476ec35338 relative=0x00000000000002d8
Event: 2.037 Thread 0x000002476215c6c0 Uncommon trap: reason=bimorphic_or_optimized_type_check action=maybe_recompile pc=0x000002476ec35338 method=java.util.HashMap.getNode(Ljava/lang/Object;)Ljava/util/HashMap$Node; @ 63 c2
Event: 2.037 Thread 0x000002476215c6c0 DEOPT PACKING pc=0x000002476ec35338 sp=0x00000073205fe130
Event: 2.037 Thread 0x000002476215c6c0 DEOPT UNPACKING pc=0x000002476717239d sp=0x00000073205fe0a8 mode 2
Event: 2.166 Thread 0x000002476215c6c0 Uncommon trap: trap_request=0xffffff45 fr.pc=0x000002476ec4c348 relative=0x0000000000000fa8
Event: 2.166 Thread 0x000002476215c6c0 Uncommon trap: reason=unstable_if action=reinterpret pc=0x000002476ec4c348 method=java.util.concurrent.ConcurrentHashMap.putVal(Ljava/lang/Object;Ljava/lang/Object;Z)Ljava/lang/Object; @ 148 c2
Event: 2.167 Thread 0x000002476215c6c0 DEOPT PACKING pc=0x000002476ec4c348 sp=0x00000073205fdcf0
Event: 2.167 Thread 0x000002476215c6c0 DEOPT UNPACKING pc=0x000002476717239d sp=0x00000073205fdc70 mode 2
Event: 2.382 Thread 0x000002476215c6c0 Uncommon trap: trap_request=0xffffff45 fr.pc=0x000002476ec68bb4 relative=0x0000000000000214
Event: 2.382 Thread 0x000002476215c6c0 Uncommon trap: reason=unstable_if action=reinterpret pc=0x000002476ec68bb4 method=org.springframework.util.ConcurrentReferenceHashMap$Segment.restructureIfNecessary(Z)V @ 21 c2
Event: 2.382 Thread 0x000002476215c6c0 DEOPT PACKING pc=0x000002476ec68bb4 sp=0x00000073205feb60
Event: 2.382 Thread 0x000002476215c6c0 DEOPT UNPACKING pc=0x000002476717239d sp=0x00000073205feb30 mode 2
Event: 2.397 Thread 0x000002476215c6c0 Uncommon trap: trap_request=0xffffff45 fr.pc=0x000002476ec411d4 relative=0x0000000000000f94
Event: 2.397 Thread 0x000002476215c6c0 Uncommon trap: reason=unstable_if action=reinterpret pc=0x000002476ec411d4 method=java.io.WinNTFileSystem.normalize(Ljava/lang/String;II)Ljava/lang/String; @ 87 c2
Event: 2.397 Thread 0x000002476215c6c0 DEOPT PACKING pc=0x000002476ec411d4 sp=0x00000073205fe930
Event: 2.397 Thread 0x000002476215c6c0 DEOPT UNPACKING pc=0x000002476717239d sp=0x00000073205fe868 mode 2
Event: 2.497 Thread 0x000002476215c6c0 Uncommon trap: trap_request=0xffffff45 fr.pc=0x000002476ec446e0 relative=0x00000000000002c0
Event: 2.497 Thread 0x000002476215c6c0 Uncommon trap: reason=unstable_if action=reinterpret pc=0x000002476ec446e0 method=jdk.internal.org.objectweb.asm.SymbolTable.put(Ljdk/internal/org/objectweb/asm/SymbolTable$Entry;)Ljdk/internal/org/objectweb/asm/SymbolTable$Entry; @ 13 c2
Event: 2.497 Thread 0x000002476215c6c0 DEOPT PACKING pc=0x000002476ec446e0 sp=0x00000073205fd4a0
Event: 2.497 Thread 0x000002476215c6c0 DEOPT UNPACKING pc=0x000002476717239d sp=0x00000073205fd420 mode 2

Classes unloaded (0 events):
No events

Classes redefined (0 events):
No events

Internal exceptions (20 events):
Event: 1.700 Thread 0x000002476215c6c0 Exception <a 'java/lang/NoSuchMethodError'{0x00000000c57adbb0}: 'int java.lang.invoke.DirectMethodHandle$Holder.invokeInterface(java.lang.Object, java.lang.Object)'> (0x00000000c57adbb0) 
thrown [e:\jenkins\tmp\workspace\build\src\src\hotspot\share\interpreter\linkResolver.cpp, line 766]
Event: 1.754 Thread 0x000002476215c6c0 Exception <a 'java/lang/NoSuchMethodError'{0x00000000c561ff08}: 'int java.lang.invoke.DirectMethodHandle$Holder.invokeVirtual(java.lang.Object, java.lang.Object)'> (0x00000000c561ff08) 
thrown [e:\jenkins\tmp\workspace\build\src\src\hotspot\share\interpreter\linkResolver.cpp, line 766]
Event: 1.803 Thread 0x000002476215c6c0 Exception <a 'java/lang/NoSuchMethodError'{0x00000000c56dee60}: 'java.lang.Object java.lang.invoke.DirectMethodHandle$Holder.invokeSpecial(java.lang.Object, java.lang.Object, java.lang.Object, int, java.lang.Object)'> (0x00000000c56dee60) 
thrown [e:\jenkins\tmp\workspace\build\src\src\hotspot\share\interpreter\linkResolver.cpp, line 766]
Event: 1.804 Thread 0x000002476215c6c0 Exception <a 'java/lang/NoSuchMethodError'{0x00000000c56e74c0}: 'java.lang.Object java.lang.invoke.DirectMethodHandle$Holder.newInvokeSpecial(java.lang.Object, java.lang.Object, java.lang.Object, int, java.lang.Object)'> (0x00000000c56e74c0) 
thrown [e:\jenkins\tmp\workspace\build\src\src\hotspot\share\interpreter\linkResolver.cpp, line 766]
Event: 1.807 Thread 0x000002476215c6c0 Exception <a 'java/lang/NoSuchMethodError'{0x00000000c56fd788}: 'java.lang.Object java.lang.invoke.DirectMethodHandle$Holder.newInvokeSpecial(java.lang.Object, int, java.lang.Object)'> (0x00000000c56fd788) 
thrown [e:\jenkins\tmp\workspace\build\src\src\hotspot\share\interpreter\linkResolver.cpp, line 766]
Event: 1.808 Thread 0x000002476215c6c0 Exception <a 'java/lang/NoSuchMethodError'{0x00000000c5502908}: 'int java.lang.invoke.DirectMethodHandle$Holder.invokeSpecialIFC(java.lang.Object, java.lang.Object, java.lang.Object, java.lang.Object)'> (0x00000000c5502908) 
thrown [e:\jenkins\tmp\workspace\build\src\src\hotspot\share\interpreter\linkResolver.cpp, line 766]
Event: 1.854 Thread 0x000002476215c6c0 Exception <a 'java/lang/NoSuchMethodError'{0x00000000c55dd820}: 'void java.lang.invoke.DirectMethodHandle$Holder.invokeInterface(java.lang.Object, java.lang.Object, java.lang.Object)'> (0x00000000c55dd820) 
thrown [e:\jenkins\tmp\workspace\build\src\src\hotspot\share\interpreter\linkResolver.cpp, line 766]
Event: 1.901 Thread 0x000002476215c6c0 Exception <a 'java/lang/NoSuchMethodError'{0x00000000c524b1e8}: 'void java.lang.invoke.DirectMethodHandle$Holder.invokeStatic(java.lang.Object, java.lang.Object)'> (0x00000000c524b1e8) 
thrown [e:\jenkins\tmp\workspace\build\src\src\hotspot\share\interpreter\linkResolver.cpp, line 766]
Event: 1.902 Thread 0x000002476215c6c0 Exception <a 'java/lang/NoSuchMethodError'{0x00000000c524e9e8}: 'void java.lang.invoke.DirectMethodHandle$Holder.invokeStaticInit(java.lang.Object, java.lang.Object)'> (0x00000000c524e9e8) 
thrown [e:\jenkins\tmp\workspace\build\src\src\hotspot\share\interpreter\linkResolver.cpp, line 766]
Event: 1.907 Thread 0x000002476215c6c0 Exception <a 'java/lang/NoSuchMethodError'{0x00000000c525b480}: 'void java.lang.invoke.DirectMethodHandle$Holder.invokeStaticInit(java.lang.Object, java.lang.Object, java.lang.Object)'> (0x00000000c525b480) 
thrown [e:\jenkins\tmp\workspace\build\src\src\hotspot\share\interpreter\linkResolver.cpp, line 766]
Event: 1.920 Thread 0x000002476215c6c0 Exception <a 'java/lang/NoSuchMethodError'{0x00000000c52994b8}: 'java.lang.Object java.lang.invoke.DirectMethodHandle$Holder.invokeStatic(java.lang.Object, java.lang.Object, long, java.lang.Object)'> (0x00000000c52994b8) 
thrown [e:\jenkins\tmp\workspace\build\src\src\hotspot\share\interpreter\linkResolver.cpp, line 766]
Event: 1.921 Thread 0x000002476215c6c0 Exception <a 'java/lang/NoSuchMethodError'{0x00000000c529cf50}: 'java.lang.Object java.lang.invoke.DirectMethodHandle$Holder.invokeStaticInit(java.lang.Object, java.lang.Object, long, java.lang.Object)'> (0x00000000c529cf50) 
thrown [e:\jenkins\tmp\workspace\build\src\src\hotspot\share\interpreter\linkResolver.cpp, line 766]
Event: 1.924 Thread 0x000002476215c6c0 Exception <a 'java/lang/NoSuchMethodError'{0x00000000c52a36d0}: 'java.lang.Object java.lang.invoke.DirectMethodHandle$Holder.newInvokeSpecial(java.lang.Object, java.lang.Object, long)'> (0x00000000c52a36d0) 
thrown [e:\jenkins\tmp\workspace\build\src\src\hotspot\share\interpreter\linkResolver.cpp, line 766]
Event: 1.924 Thread 0x000002476215c6c0 Exception <a 'java/lang/NoSuchMethodError'{0x00000000c52a7240}: 'java.lang.Object java.lang.invoke.Invokers$Holder.linkToTargetMethod(java.lang.Object, long, java.lang.Object)'> (0x00000000c52a7240) 
thrown [e:\jenkins\tmp\workspace\build\src\src\hotspot\share\interpreter\linkResolver.cpp, line 766]
Event: 1.955 Thread 0x000002476215c6c0 Exception <a 'java/lang/NoSuchMethodError'{0x00000000c52e5620}: 'void java.lang.invoke.DirectMethodHandle$Holder.invokeVirtual(java.lang.Object, java.lang.Object, java.lang.Object, java.lang.Object)'> (0x00000000c52e5620) 
thrown [e:\jenkins\tmp\workspace\build\src\src\hotspot\share\interpreter\linkResolver.cpp, line 766]
Event: 2.031 Thread 0x000002476215c6c0 Exception <a 'java/lang/NoSuchMethodError'{0x00000000c503d4e8}: 'void java.lang.invoke.DirectMethodHandle$Holder.invokeSpecial(java.lang.Object, java.lang.Object, java.lang.Object)'> (0x00000000c503d4e8) 
thrown [e:\jenkins\tmp\workspace\build\src\src\hotspot\share\interpreter\linkResolver.cpp, line 766]
Event: 2.033 Thread 0x000002476215c6c0 Exception <a 'java/lang/NoSuchMethodError'{0x00000000c5046c90}: 'void java.lang.invoke.DirectMethodHandle$Holder.invokeSpecial(java.lang.Object, java.lang.Object, java.lang.Object, java.lang.Object, java.lang.Object)'> (0x00000000c5046c90) 
thrown [e:\jenkins\tmp\workspace\build\src\src\hotspot\share\interpreter\linkResolver.cpp, line 766]
Event: 2.107 Thread 0x000002476215c6c0 Exception <a 'java/lang/IncompatibleClassChangeError'{0x00000000c4f5d668}: Found class java.lang.Object, but interface was expected> (0x00000000c4f5d668) 
thrown [e:\jenkins\tmp\workspace\build\src\src\hotspot\share\interpreter\linkResolver.cpp, line 833]
Event: 2.111 Thread 0x000002477d3934f0 Exception <a 'java/lang/NoClassDefFoundError'{0x00000000c4f96290}: jakarta/validation/Validation> (0x00000000c4f96290) 
thrown [e:\jenkins\tmp\workspace\build\src\src\hotspot\share\classfile\systemDictionary.cpp, line 245]
Event: 2.405 Thread 0x000002476215c6c0 Exception <a 'java/lang/NoSuchMethodError'{0x00000000c47ce528}: 'java.lang.Object java.lang.invoke.DirectMethodHandle$Holder.invokeStatic(java.lang.Object, int, java.lang.Object)'> (0x00000000c47ce528) 
thrown [e:\jenkins\tmp\workspace\build\src\src\hotspot\share\interpreter\linkResolver.cpp, line 766]

VM Operations (20 events):
Event: 0.468 Executing VM operation: HandshakeAllThreads
Event: 0.468 Executing VM operation: HandshakeAllThreads done
Event: 0.501 Executing VM operation: HandshakeAllThreads
Event: 0.501 Executing VM operation: HandshakeAllThreads done
Event: 0.720 Executing VM operation: HandshakeAllThreads
Event: 0.720 Executing VM operation: HandshakeAllThreads done
Event: 0.722 Executing VM operation: G1CollectForAllocation
Event: 0.725 Executing VM operation: G1CollectForAllocation done
Event: 0.767 Executing VM operation: HandshakeAllThreads
Event: 0.767 Executing VM operation: HandshakeAllThreads done
Event: 1.297 Executing VM operation: HandshakeAllThreads
Event: 1.297 Executing VM operation: HandshakeAllThreads done
Event: 1.300 Executing VM operation: G1CollectForAllocation
Event: 1.304 Executing VM operation: G1CollectForAllocation done
Event: 1.748 Executing VM operation: HandshakeAllThreads
Event: 1.748 Executing VM operation: HandshakeAllThreads done
Event: 2.025 Executing VM operation: HandshakeAllThreads
Event: 2.025 Executing VM operation: HandshakeAllThreads done
Event: 2.146 Executing VM operation: ICBufferFull
Event: 2.147 Executing VM operation: ICBufferFull done

Events (20 events):
Event: 2.529 loading class java/util/spi/TimeZoneNameProvider
Event: 2.529 loading class java/util/spi/TimeZoneNameProvider done
Event: 2.529 loading class sun/util/locale/provider/CalendarDataUtility$CalendarWeekParameterGetter
Event: 2.529 loading class sun/util/locale/provider/LocaleServiceProviderPool$LocalizedObjectGetter
Event: 2.529 loading class sun/util/locale/provider/LocaleServiceProviderPool$LocalizedObjectGetter done
Event: 2.529 loading class sun/util/locale/provider/CalendarDataUtility$CalendarWeekParameterGetter done
Event: 2.529 loading class java/util/ResourceBundle$Control
Event: 2.531 loading class java/util/ResourceBundle$Control done
Event: 2.531 loading class java/util/ResourceBundle
Event: 2.532 loading class java/util/ResourceBundle done
Event: 2.532 loading class java/util/ResourceBundle$Control$CandidateListCache
Event: 2.533 loading class java/util/ResourceBundle$Control$CandidateListCache done
Event: 2.533 loading class java/util/ResourceBundle$NoFallbackControl
Event: 2.533 loading class java/util/ResourceBundle$SingleFormatControl
Event: 2.533 loading class java/util/ResourceBundle$SingleFormatControl done
Event: 2.533 loading class java/util/ResourceBundle$NoFallbackControl done
Event: 2.534 loading class sun/util/cldr/CLDRCalendarDataProviderImpl
Event: 2.534 loading class sun/util/locale/provider/CalendarDataProviderImpl
Event: 2.534 loading class sun/util/locale/provider/CalendarDataProviderImpl done
Event: 2.534 loading class sun/util/cldr/CLDRCalendarDataProviderImpl done


Dynamic libraries:
0x00007ff774700000 - 0x00007ff77470e000 	C:\Users\User\.p2\pool\plugins\org.eclipse.justj.openjdk.hotspot.jre.full.win32.x86_64_17.0.1.v20211116-1657\jre\bin\javaw.exe
0x00007ffce01f0000 - 0x00007ffce03e8000 	C:\WINDOWS\SYSTEM32\ntdll.dll
0x00007ffcdebb0000 - 0x00007ffcdec6f000 	C:\WINDOWS\System32\KERNEL32.DLL
0x00007ffcddb80000 - 0x00007ffcdde76000 	C:\WINDOWS\System32\KERNELBASE.dll
0x00007ffcdda80000 - 0x00007ffcddb80000 	C:\WINDOWS\System32\ucrtbase.dll
0x00007ffcd5940000 - 0x00007ffcd5958000 	C:\Users\User\.p2\pool\plugins\org.eclipse.justj.openjdk.hotspot.jre.full.win32.x86_64_17.0.1.v20211116-1657\jre\bin\jli.dll
0x00007ffcdfb60000 - 0x00007ffcdfcfd000 	C:\WINDOWS\System32\USER32.dll
0x00007ffcde220000 - 0x00007ffcde242000 	C:\WINDOWS\System32\win32u.dll
0x00007ffcdfe20000 - 0x00007ffcdfe4c000 	C:\WINDOWS\System32\GDI32.dll
0x00007ffcdd960000 - 0x00007ffcdda75000 	C:\WINDOWS\System32\gdi32full.dll
0x00007ffcde030000 - 0x00007ffcde0cd000 	C:\WINDOWS\System32\msvcp_win.dll
0x00007ffcd5620000 - 0x00007ffcd5639000 	C:\Users\User\.p2\pool\plugins\org.eclipse.justj.openjdk.hotspot.jre.full.win32.x86_64_17.0.1.v20211116-1657\jre\bin\VCRUNTIME140.dll
0x00007ffcca1c0000 - 0x00007ffcca45a000 	C:\WINDOWS\WinSxS\amd64_microsoft.windows.common-controls_6595b64144ccf1df_6.0.19041.1110_none_60b5254171f9507e\COMCTL32.dll
0x00007ffcdec70000 - 0x00007ffcded0e000 	C:\WINDOWS\System32\msvcrt.dll
0x00007ffcdf530000 - 0x00007ffcdf560000 	C:\WINDOWS\System32\IMM32.DLL
0x00007ffcd6d30000 - 0x00007ffcd6d3c000 	C:\Users\User\.p2\pool\plugins\org.eclipse.justj.openjdk.hotspot.jre.full.win32.x86_64_17.0.1.v20211116-1657\jre\bin\vcruntime140_1.dll
0x00007ffcb91b0000 - 0x00007ffcb9241000 	C:\Users\User\.p2\pool\plugins\org.eclipse.justj.openjdk.hotspot.jre.full.win32.x86_64_17.0.1.v20211116-1657\jre\bin\msvcp140.dll
0x00007ffc9b7d0000 - 0x00007ffc9c416000 	C:\Users\User\.p2\pool\plugins\org.eclipse.justj.openjdk.hotspot.jre.full.win32.x86_64_17.0.1.v20211116-1657\jre\bin\server\jvm.dll
0x00007ffcdfd00000 - 0x00007ffcdfdaf000 	C:\WINDOWS\System32\ADVAPI32.dll
0x00007ffcded10000 - 0x00007ffcdedac000 	C:\WINDOWS\System32\sechost.dll
0x00007ffcdf270000 - 0x00007ffcdf396000 	C:\WINDOWS\System32\RPCRT4.dll
0x00007ffcdfe10000 - 0x00007ffcdfe18000 	C:\WINDOWS\System32\PSAPI.DLL
0x00007ffcd9180000 - 0x00007ffcd9189000 	C:\WINDOWS\SYSTEM32\WSOCK32.dll
0x00007ffcdeb40000 - 0x00007ffcdebab000 	C:\WINDOWS\System32\WS2_32.dll
0x00007ffcc8b90000 - 0x00007ffcc8bb7000 	C:\WINDOWS\SYSTEM32\WINMM.dll
0x00007ffccf900000 - 0x00007ffccf90a000 	C:\WINDOWS\SYSTEM32\VERSION.dll
0x00007ffcdc110000 - 0x00007ffcdc122000 	C:\WINDOWS\SYSTEM32\kernel.appcore.dll
0x00007ffcd6d00000 - 0x00007ffcd6d0a000 	C:\Users\User\.p2\pool\plugins\org.eclipse.justj.openjdk.hotspot.jre.full.win32.x86_64_17.0.1.v20211116-1657\jre\bin\jimage.dll
0x00007ffccbfe0000 - 0x00007ffccc1c4000 	C:\WINDOWS\SYSTEM32\DBGHELP.DLL
0x00007ffccbf90000 - 0x00007ffccbfc4000 	C:\WINDOWS\SYSTEM32\dbgcore.DLL
0x00007ffcdd8d0000 - 0x00007ffcdd952000 	C:\WINDOWS\System32\bcryptPrimitives.dll
0x00007ffccaa30000 - 0x00007ffccaa55000 	C:\Users\User\.p2\pool\plugins\org.eclipse.justj.openjdk.hotspot.jre.full.win32.x86_64_17.0.1.v20211116-1657\jre\bin\java.dll
0x00007ffcd2000000 - 0x00007ffcd2018000 	C:\Users\User\.p2\pool\plugins\org.eclipse.justj.openjdk.hotspot.jre.full.win32.x86_64_17.0.1.v20211116-1657\jre\bin\zip.dll
0x00007ffcde370000 - 0x00007ffcdeab4000 	C:\WINDOWS\System32\SHELL32.dll
0x00007ffcdb750000 - 0x00007ffcdbee3000 	C:\WINDOWS\SYSTEM32\windows.storage.dll
0x00007ffcdfe50000 - 0x00007ffce01a4000 	C:\WINDOWS\System32\combase.dll
0x00007ffcdd240000 - 0x00007ffcdd26e000 	C:\WINDOWS\SYSTEM32\Wldp.dll
0x00007ffcde2b0000 - 0x00007ffcde35d000 	C:\WINDOWS\System32\SHCORE.dll
0x00007ffcdfdb0000 - 0x00007ffcdfe05000 	C:\WINDOWS\System32\shlwapi.dll
0x00007ffcdd810000 - 0x00007ffcdd82f000 	C:\WINDOWS\SYSTEM32\profapi.dll
0x00007ffccaa10000 - 0x00007ffccaa29000 	C:\Users\User\.p2\pool\plugins\org.eclipse.justj.openjdk.hotspot.jre.full.win32.x86_64_17.0.1.v20211116-1657\jre\bin\net.dll
0x00007ffccf910000 - 0x00007ffccfa1a000 	C:\WINDOWS\SYSTEM32\WINHTTP.dll
0x00007ffcdcfa0000 - 0x00007ffcdd00a000 	C:\WINDOWS\system32\mswsock.dll
0x00007ffcc8790000 - 0x00007ffcc87a5000 	C:\Users\User\.p2\pool\plugins\org.eclipse.justj.openjdk.hotspot.jre.full.win32.x86_64_17.0.1.v20211116-1657\jre\bin\nio.dll
0x00007ffcd6ca0000 - 0x00007ffcd6cb0000 	C:\Users\User\.p2\pool\plugins\org.eclipse.justj.openjdk.hotspot.jre.full.win32.x86_64_17.0.1.v20211116-1657\jre\bin\verify.dll

dbghelp: loaded successfully - version: 4.0.5 - missing functions: none
symbol engine: initialized successfully - sym options: 0x614 - pdb path: .;C:\Users\User\.p2\pool\plugins\org.eclipse.justj.openjdk.hotspot.jre.full.win32.x86_64_17.0.1.v20211116-1657\jre\bin;C:\WINDOWS\SYSTEM32;C:\WINDOWS\WinSxS\amd64_microsoft.windows.common-controls_6595b64144ccf1df_6.0.19041.1110_none_60b5254171f9507e;C:\Users\User\.p2\pool\plugins\org.eclipse.justj.openjdk.hotspot.jre.full.win32.x86_64_17.0.1.v20211116-1657\jre\bin\server

VM Arguments:
jvm_args: -Dfile.encoding=UTF-8 -XX:+ShowCodeDetailsInExceptionMessages 
java_command: com.springboot.mySpringBootCRUDapp.MynewappApplication
java_class_path (initial): C:\Users\User\eclipse-workspace\eCommerceBackendForms\target\classes;C:\Users\User\.m2\repository\org\springframework\boot\spring-boot-starter-data-jpa\3.0.0\spring-boot-starter-data-jpa-3.0.0.jar;C:\Users\User\.m2\repository\org\springframework\boot\spring-boot-starter-aop\3.0.0\spring-boot-starter-aop-3.0.0.jar;C:\Users\User\.m2\repository\org\springframework\spring-aop\6.0.2\spring-aop-6.0.2.jar;C:\Users\User\.m2\repository\org\aspectj\aspectjweaver\1.9.9.1\aspectjweaver-1.9.9.1.jar;C:\Users\User\.m2\repository\org\springframework\boot\spring-boot-starter-jdbc\3.0.0\spring-boot-starter-jdbc-3.0.0.jar;C:\Users\User\.m2\repository\com\zaxxer\HikariCP\5.0.1\HikariCP-5.0.1.jar;C:\Users\User\.m2\repository\org\springframework\spring-jdbc\6.0.2\spring-jdbc-6.0.2.jar;C:\Users\User\.m2\repository\org\hibernate\orm\hibernate-core\6.1.5.Final\hibernate-core-6.1.5.Final.jar;C:\Users\User\.m2\repository\jakarta\persistence\jakarta.persistence-api\3.1.0\jakarta.persistence-api-3.1.0.jar;C:\Users\User\.m2\repository\jakarta\transaction\jakarta.transaction-api\2.0.1\jakarta.transaction-api-2.0.1.jar;C:\Users\User\.m2\repository\org\jboss\logging\jboss-logging\3.5.0.Final\jboss-logging-3.5.0.Final.jar;C:\Users\User\.m2\repository\org\hibernate\common\hibernate-commons-annotations\6.0.2.Final\hibernate-commons-annotations-6.0.2.Final.jar;C:\Users\User\.m2\repository\org\jboss\jandex\2.4.2.Final\jandex-2.4.2.Final.jar;C:\Users\User\.m2\repository\com\fasterxml\classmate\1.5.1\classmate-1.5.1.jar;C:\Users\User\.m2\repository\net\bytebuddy\byte-buddy\1.12.19\byte-buddy-1.12.19.jar;C:\Users\User\.m2\repository\org\glassfish\jaxb\jaxb-runtime\4.0.1\jaxb-runtime-4.0.1.jar;C:\Users\User\.m2\repository\org\glassfish\jaxb\jaxb-core\4.0.1\jaxb-core-4.0.1.jar;C:\Users\User\.m2\repository\org\eclipse\angus\angus-activation\1.0.0\angus-activation-1.0.0.jar;C:\Users\User\.m2\repository\org\glassfish\jaxb\txw2\4.0.1\txw2-4.0.1.jar;C:\Users\User\.m2\repository\com\su
Launcher Type: SUN_STANDARD

[Global flags]
     intx CICompilerCount                          = 2                                         {product} {ergonomic}
     uint ConcGCThreads                            = 1                                         {product} {ergonomic}
     uint G1ConcRefinementThreads                  = 2                                         {product} {ergonomic}
   size_t G1HeapRegionSize                         = 1048576                                   {product} {ergonomic}
    uintx GCDrainStackTargetSize                   = 64                                        {product} {ergonomic}
   size_t InitialHeapSize                          = 67108864                                  {product} {ergonomic}
   size_t MarkStackSize                            = 4194304                                   {product} {ergonomic}
   size_t MaxHeapSize                              = 1042284544                                {product} {ergonomic}
   size_t MaxNewSize                               = 624951296                                 {product} {ergonomic}
   size_t MinHeapDeltaBytes                        = 1048576                                   {product} {ergonomic}
   size_t MinHeapSize                              = 8388608                                   {product} {ergonomic}
    uintx NonNMethodCodeHeapSize                   = 5826188                                {pd product} {ergonomic}
    uintx NonProfiledCodeHeapSize                  = 122916026                              {pd product} {ergonomic}
    uintx ProfiledCodeHeapSize                     = 122916026                              {pd product} {ergonomic}
    uintx ReservedCodeCacheSize                    = 251658240                              {pd product} {ergonomic}
     bool SegmentedCodeCache                       = true                                      {product} {ergonomic}
     bool ShowCodeDetailsInExceptionMessages       = true                                   {manageable} {command line}
   size_t SoftMaxHeapSize                          = 1042284544                             {manageable} {ergonomic}
     bool UseCompressedClassPointers               = true                           {product lp64_product} {ergonomic}
     bool UseCompressedOops                        = true                           {product lp64_product} {ergonomic}
     bool UseG1GC                                  = true                                      {product} {ergonomic}
     bool UseLargePagesIndividualAllocation        = false                                  {pd product} {ergonomic}

Logging:
Log output configuration:
 #0: stdout all=warning uptime,level,tags
 #1: stderr all=off uptime,level,tags

Environment Variables:
JAVA_HOME=C:\Program Files\Java\jdk1.8.0_181
PATH=C:/Users/User/Desktop/eclipse//plugins/org.eclipse.justj.openjdk.hotspot.jre.full.win32.x86_64_17.0.5.v20221102-0933/jre/bin/server;C:/Users/User/Desktop/eclipse//plugins/org.eclipse.justj.openjdk.hotspot.jre.full.win32.x86_64_17.0.5.v20221102-0933/jre/bin;c:\users\user\gcc\bin;C:\Program Files\Microsoft MPI\Bin\;C:\Program Files\Java\jdk1.8.0_181\bin;C:\Program Files (x86)\Common Files\Oracle\Java\javapath;C:\WINDOWS\system32;C:\WINDOWS;C:\WINDOWS\System32\Wbem;C:\WINDOWS\System32\WindowsPowerShell\v1.0\;C:\WINDOWS\System32\OpenSSH\;c:\altera\91sp2\quartus\bin;C:\PROGRA~2\Aldec\ACTIVE~1.1\BIN;C:\Aldec\Active-HDL 8.3\BIN;C:\Users\User\Desktop\IPZLab5\apache-maven-3.6.3\bin;C:\Program Files (x86)\Aldec\Active-HDL 8.1\BIN;C:\Program Files\MATLAB\R2017a\runtime\win64;C:\Program Files\MATLAB\R2017a\bin;C:\Program Files\Git\cmd;C:\Users\User\Desktop\Java\Простыепроектыпоосновнымтехнологиямjava\JSP,Servlets\apache-tomcat-10.0.27\bin;c:\php;C:\Program Files\nodejs\;C:\msys64\mingw64\bin;C:\install\boost_1_80_0\bin.v2;C:\install\boost_1_80_0\stage\lib;C:\msys64\usr\lib\python3.11;C:\Users\User\AppData\Local\Programs\Python\Python38-32\include;C:\Users\User\Desktop\ewfewf\boost_1_80_0;C:\Users\User\Desktop\ewfewf\boost_1_80_0\stage\lib;C:\Program Files\Microsoft MPI\Bin\;C:\Program Files\Java\jdk1.8.0_181\bin;C:\Program Files (x86)\Common Files\Oracle\Java\javapath;C:\WINDOWS\system32;C:\WINDOWS;C:\WINDOWS\System32\Wbem;C:\WINDOWS\System32\WindowsPowerShell\v1.0\;C:\WINDOWS\System32\OpenSSH\;c:\altera\91sp2\quartus\bin;C:\PROGRA~2\Aldec\ACTIVE~1.1\BIN;C:\Aldec\Active-HDL 8.3\BIN;C:\Users\User\Desktop\IPZLab5\apache-maven-3.6.3\bin;C:\Program Files (x86)\Aldec\Active-HDL 8.1\BIN;C:\Program Files\MATLAB\R2017a\runtime\win64;C:\Program Files\MATLAB\R2017a\bin;C:\Program Files\Git\cmd;C:\Users\User\Desktop\Java\Простыепроектыпоосновнымтехнологиямjava\JSP,Servlets\apache-tomcat-10.0.27\bin;C:\Program Files\nodejs\;C:\Program Files\MySQL\MySQL Shell 8.0\bin\;C:\Users\User\AppDat
USERNAME=User
OS=Windows_NT
PROCESSOR_IDENTIFIER=Intel64 Family 6 Model 58 Stepping 9, GenuineIntel



---------------  S Y S T E M  ---------------

OS:
 Windows 10 , 64 bit Build 19041 (10.0.19041.3031)
OS uptime: 9 days 1:02 hours

CPU: total 2 (initial active 2) (2 cores per cpu, 1 threads per core) family 6 model 58 stepping 9 microcode 0x21, cx8, cmov, fxsr, mmx, sse, sse2, sse3, ssse3, sse4.1, sse4.2, popcnt, tsc, tscinvbit, erms, clmul, clflush

Memory: 4k page, system-wide physical 3975M (314M free)
TotalPageFile size 8125M (AvailPageFile size 4M)
current process WorkingSet (physical memory assigned to process): 98M, peak: 98M
current process commit charge ("private bytes"): 160M, peak: 162M

vm_info: OpenJDK 64-Bit Server VM (17.0.1+12) for windows-amd64 JRE (17.0.1+12), built on Oct 20 2021 07:42:55 by "" with MS VC++ 16.7 (VS2019)

END.
