#
# There is insufficient memory for the Java Runtime Environment to continue.
# Native memory allocation (mmap) failed to map 90177536 bytes for G1 virtual space
# Possible reasons:
#   The system is out of physical RAM or swap space
#   The process is running with CompressedOops enabled, and the Java Heap may be blocking the growth of the native heap
# Possible solutions:
#   Reduce memory load on the system
#   Increase physical memory or swap space
#   Check if swap backing store is full
#   Decrease Java heap size (-Xmx/-Xms)
#   Decrease number of Java threads
#   Decrease Java thread stack sizes (-Xss)
#   Set larger code cache with -XX:ReservedCodeCacheSize=
#   JVM is running with Unscaled Compressed Oops mode in which the Java heap is
#     placed in the first 4GB address space. The Java Heap base address is the
#     maximum limit for the native heap growth. Please use -XX:HeapBaseMinAddress
#     to set the Java Heap base and to place the Java Heap above 4GB virtual address.
# This output file may be truncated or incomplete.
#
#  Out of Memory Error (os_windows.cpp:3469), pid=9716, tid=9992
#
# JRE version: OpenJDK Runtime Environment Temurin-17.0.1+12 (17.0.1+12) (build 17.0.1+12)
# Java VM: OpenJDK 64-Bit Server VM Temurin-17.0.1+12 (17.0.1+12, mixed mode, tiered, compressed oops, compressed class ptrs, g1 gc, windows-amd64)
# No core dump will be written. Minidumps are not enabled by default on client versions of Windows
#

---------------  S U M M A R Y ------------

Command Line: -Dmaven.home=EMBEDDED -Dclassworlds.conf=C:\Users\User\eclipse-workspace\.metadata\.plugins\org.eclipse.m2e.launching\launches\m2conf1597324604436032387.tmp -Dmaven.multiModuleProjectDirectory=C:\Users\User\eclipse-workspace\eCommerceBackendSort -Dm2e.build.project.data.socket.port=49203 -Dfile.encoding=UTF-8 -XX:+ShowCodeDetailsInExceptionMessages org.codehaus.plexus.classworlds.launcher.Launcher -B -Dstyle.color=always spring-boot:build-image -DskipTests

Host: Intel(R) Pentium(R) CPU 2020M @ 2.40GHz, 2 cores, 3G,  Windows 10 , 64 bit Build 19041 (10.0.19041.3570)
Time: Fri Dec  8 01:44:06 2023  Windows 10 , 64 bit Build 19041 (10.0.19041.3570) elapsed time: 16.461656 seconds (0d 0h 0m 16s)

---------------  T H R E A D  ---------------

Current thread (0x0000017a7ecbce30):  VMThread "VM Thread" [stack: 0x0000006da8e00000,0x0000006da8f00000] [id=9992]

Stack: [0x0000006da8e00000,0x0000006da8f00000]
Native frames: (J=compiled Java code, j=interpreted, Vv=VM code, C=native code)
V  [jvm.dll+0x6744da]
V  [jvm.dll+0x82e144]
V  [jvm.dll+0x82f8ee]
V  [jvm.dll+0x82ff53]
V  [jvm.dll+0x245175]
V  [jvm.dll+0x6714c9]
V  [jvm.dll+0x665f92]
V  [jvm.dll+0x303c3b]
V  [jvm.dll+0x30b176]
V  [jvm.dll+0x35af1e]
V  [jvm.dll+0x35b14f]
V  [jvm.dll+0x2dab78]
V  [jvm.dll+0x2d8e2c]
V  [jvm.dll+0x2d83fc]
V  [jvm.dll+0x31c24b]
V  [jvm.dll+0x8343bb]
V  [jvm.dll+0x8350f4]
V  [jvm.dll+0x83560c]
V  [jvm.dll+0x8359e4]
V  [jvm.dll+0x835ab0]
V  [jvm.dll+0x7de51a]
V  [jvm.dll+0x673305]
C  [ucrtbase.dll+0x21bb2]
C  [KERNEL32.DLL+0x17344]
C  [ntdll.dll+0x526b1]

VM_Operation (0x0000006da88fc160): G1CollectForAllocation, mode: safepoint, requested by thread 0x0000017a6a0f2010


---------------  P R O C E S S  ---------------

Threads class SMR info:
_java_thread_list=0x0000017a035415a0, length=12, elements={
0x0000017a6a0f2010, 0x0000017a7ecfbe50, 0x0000017a7ecfe170, 0x0000017a7ed534f0,
0x0000017a7ed78530, 0x0000017a7ed79590, 0x0000017a7ed6d260, 0x0000017a7ed71be0,
0x0000017a7ed7e6b0, 0x0000017a7ed83860, 0x0000017a7f92a3a0, 0x0000017a7f930890
}

Java Threads: ( => current thread )
  0x0000017a6a0f2010 JavaThread "main" [_thread_blocked, id=3144, stack(0x0000006da8800000,0x0000006da8900000)]
  0x0000017a7ecfbe50 JavaThread "Reference Handler" daemon [_thread_blocked, id=9228, stack(0x0000006da8f00000,0x0000006da9000000)]
  0x0000017a7ecfe170 JavaThread "Finalizer" daemon [_thread_blocked, id=5368, stack(0x0000006da9000000,0x0000006da9100000)]
  0x0000017a7ed534f0 JavaThread "Signal Dispatcher" daemon [_thread_blocked, id=8172, stack(0x0000006da9100000,0x0000006da9200000)]
  0x0000017a7ed78530 JavaThread "Attach Listener" daemon [_thread_blocked, id=7972, stack(0x0000006da9200000,0x0000006da9300000)]
  0x0000017a7ed79590 JavaThread "Service Thread" daemon [_thread_blocked, id=5812, stack(0x0000006da9300000,0x0000006da9400000)]
  0x0000017a7ed6d260 JavaThread "Monitor Deflation Thread" daemon [_thread_blocked, id=6004, stack(0x0000006da9400000,0x0000006da9500000)]
  0x0000017a7ed71be0 JavaThread "C2 CompilerThread0" daemon [_thread_blocked, id=244, stack(0x0000006da9500000,0x0000006da9600000)]
  0x0000017a7ed7e6b0 JavaThread "C1 CompilerThread0" daemon [_thread_blocked, id=6968, stack(0x0000006da9600000,0x0000006da9700000)]
  0x0000017a7ed83860 JavaThread "Sweeper thread" daemon [_thread_blocked, id=7560, stack(0x0000006da9700000,0x0000006da9800000)]
  0x0000017a7f92a3a0 JavaThread "Notification Thread" daemon [_thread_blocked, id=8604, stack(0x0000006da9800000,0x0000006da9900000)]
  0x0000017a7f930890 JavaThread "Common-Cleaner" daemon [_thread_blocked, id=7876, stack(0x0000006da9a00000,0x0000006da9b00000)]

Other Threads:
=>0x0000017a7ecbce30 VMThread "VM Thread" [stack: 0x0000006da8e00000,0x0000006da8f00000] [id=9992]
  0x0000017a7f83b730 WatcherThread [stack: 0x0000006da9900000,0x0000006da9a00000] [id=2180]
  0x0000017a6a120650 GCTaskThread "GC Thread#0" [stack: 0x0000006da8900000,0x0000006da8a00000] [id=2708]
  0x0000017a02041400 GCTaskThread "GC Thread#1" [stack: 0x0000006da9b00000,0x0000006da9c00000] [id=9940]
  0x0000017a6a129970 ConcurrentGCThread "G1 Main Marker" [stack: 0x0000006da8a00000,0x0000006da8b00000] [id=844]
  0x0000017a6a12bc70 ConcurrentGCThread "G1 Conc#0" [stack: 0x0000006da8b00000,0x0000006da8c00000] [id=9464]
  0x0000017a6a16fe10 ConcurrentGCThread "G1 Refine#0" [stack: 0x0000006da8c00000,0x0000006da8d00000] [id=9332]
  0x0000017a6a170830 ConcurrentGCThread "G1 Service" [stack: 0x0000006da8d00000,0x0000006da8e00000] [id=9568]

Threads with active compile tasks:
C2 CompilerThread0    16568 4962       4       org.eclipse.aether.util.graph.transformer.ConflictResolver::gatherConflictItems (111 bytes)

VM state: at safepoint (normal execution)

VM Mutex/Monitor currently owned by a thread:  ([mutex/lock_event])
[0x0000017a6a0eeaa0] Threads_lock - owner thread: 0x0000017a7ecbce30
[0x0000017a6a0eeb30] Heap_lock - owner thread: 0x0000017a6a0f2010

Heap address: 0x00000000c1e00000, size: 994 MB, Compressed Oops mode: 32-bit

CDS archive(s) not mapped
Compressed class space mapped at: 0x0000000100000000-0x0000000140000000, reserved size: 1073741824
Narrow klass base: 0x0000000000000000, Narrow klass shift: 3, Narrow klass range: 0x140000000

GC Precious Log:
 CPUs: 2 total, 2 available
 Memory: 3975M
 Large Page Support: Disabled
 NUMA Support: Disabled
 Compressed Oops: Enabled (32-bit)
 Heap Region Size: 1M
 Heap Min Capacity: 8M
 Heap Initial Capacity: 64M
 Heap Max Capacity: 994M
 Pre-touch: Disabled
 Parallel Workers: 2
 Concurrent Workers: 1
 Concurrent Refinement Workers: 2
 Periodic GC: Disabled

Heap:
 garbage-first heap   total 89088K, used 27108K [0x00000000c1e00000, 0x0000000100000000)
  region size 1024K, 3 young (3072K), 3 survivors (3072K)
 Metaspace       used 29348K, committed 29696K, reserved 1081344K
  class space    used 2986K, committed 3136K, reserved 1048576K

Heap Regions: E=young(eden), S=young(survivor), O=old, HS=humongous(starts), HC=humongous(continues), CS=collection set, F=free, OA=open archive, CA=closed archive, TAMS=top-at-mark-start (previous, next)
|   0|0x00000000c1e00000, 0x00000000c1f00000, 0x00000000c1f00000|100%| O|  |TAMS 0x00000000c1f00000, 0x00000000c1e00000| Untracked 
|   1|0x00000000c1f00000, 0x00000000c2000000, 0x00000000c2000000|100%| O|  |TAMS 0x00000000c2000000, 0x00000000c1f00000| Untracked 
|   2|0x00000000c2000000, 0x00000000c2100000, 0x00000000c2100000|100%| O|  |TAMS 0x00000000c2100000, 0x00000000c2000000| Untracked 
|   3|0x00000000c2100000, 0x00000000c2200000, 0x00000000c2200000|100%| O|  |TAMS 0x00000000c2200000, 0x00000000c2100000| Untracked 
|   4|0x00000000c2200000, 0x00000000c22b4a00, 0x00000000c2300000| 70%| O|  |TAMS 0x00000000c22b4a00, 0x00000000c2200000| Untracked 
|   5|0x00000000c2300000, 0x00000000c2400000, 0x00000000c2400000|100%| O|  |TAMS 0x00000000c2400000, 0x00000000c2300000| Untracked 
|   6|0x00000000c2400000, 0x00000000c2500000, 0x00000000c2500000|100%| O|  |TAMS 0x00000000c2500000, 0x00000000c2400000| Untracked 
|   7|0x00000000c2500000, 0x00000000c2600000, 0x00000000c2600000|100%| O|  |TAMS 0x00000000c2600000, 0x00000000c2500000| Untracked 
|   8|0x00000000c2600000, 0x00000000c2700000, 0x00000000c2700000|100%| O|  |TAMS 0x00000000c2700000, 0x00000000c2600000| Untracked 
|   9|0x00000000c2700000, 0x00000000c2800000, 0x00000000c2800000|100%| O|  |TAMS 0x00000000c2800000, 0x00000000c2700000| Untracked 
|  10|0x00000000c2800000, 0x00000000c2900000, 0x00000000c2900000|100%| O|  |TAMS 0x00000000c2900000, 0x00000000c2800000| Untracked 
|  11|0x00000000c2900000, 0x00000000c2a00000, 0x00000000c2a00000|100%| O|  |TAMS 0x00000000c2a00000, 0x00000000c2900000| Untracked 
|  12|0x00000000c2a00000, 0x00000000c2b00000, 0x00000000c2b00000|100%| O|  |TAMS 0x00000000c2b00000, 0x00000000c2a00000| Untracked 
|  13|0x00000000c2b00000, 0x00000000c2c00000, 0x00000000c2c00000|100%| O|  |TAMS 0x00000000c2c00000, 0x00000000c2b00000| Untracked 
|  14|0x00000000c2c00000, 0x00000000c2d00000, 0x00000000c2d00000|100%| O|  |TAMS 0x00000000c2d00000, 0x00000000c2c00000| Untracked 
|  15|0x00000000c2d00000, 0x00000000c2e00000, 0x00000000c2e00000|100%| O|  |TAMS 0x00000000c2e00000, 0x00000000c2d00000| Untracked 
|  16|0x00000000c2e00000, 0x00000000c2f00000, 0x00000000c2f00000|100%| O|  |TAMS 0x00000000c2f00000, 0x00000000c2e00000| Untracked 
|  17|0x00000000c2f00000, 0x00000000c3000000, 0x00000000c3000000|100%| O|  |TAMS 0x00000000c3000000, 0x00000000c2f00000| Untracked 
|  18|0x00000000c3000000, 0x00000000c3100000, 0x00000000c3100000|100%| O|  |TAMS 0x00000000c3000000, 0x00000000c3000000| Untracked 
|  19|0x00000000c3100000, 0x00000000c3100000, 0x00000000c3200000|  0%| F|  |TAMS 0x00000000c3100000, 0x00000000c3100000| Untracked 
|  20|0x00000000c3200000, 0x00000000c3300000, 0x00000000c3300000|100%| O|  |TAMS 0x00000000c3200000, 0x00000000c3200000| Untracked 
|  21|0x00000000c3300000, 0x00000000c3400000, 0x00000000c3400000|100%| O|  |TAMS 0x00000000c3300000, 0x00000000c3300000| Untracked 
|  22|0x00000000c3400000, 0x00000000c3500000, 0x00000000c3500000|100%| O|  |TAMS 0x00000000c3400000, 0x00000000c3400000| Untracked 
|  23|0x00000000c3500000, 0x00000000c354fa00, 0x00000000c3600000| 31%| O|  |TAMS 0x00000000c3500000, 0x00000000c3500000| Untracked 
|  24|0x00000000c3600000, 0x00000000c3700000, 0x00000000c3700000|100%|HS|  |TAMS 0x00000000c3600000, 0x00000000c3600000| Complete 
|  25|0x00000000c3700000, 0x00000000c3700000, 0x00000000c3800000|  0%| F|  |TAMS 0x00000000c3700000, 0x00000000c3700000| Untracked 
|  26|0x00000000c3800000, 0x00000000c3900000, 0x00000000c3900000|100%| O|  |TAMS 0x00000000c3820400, 0x00000000c3800000| Untracked 
|  27|0x00000000c3900000, 0x00000000c3900000, 0x00000000c3a00000|  0%| F|  |TAMS 0x00000000c3900000, 0x00000000c3900000| Untracked 
|  28|0x00000000c3a00000, 0x00000000c3a00000, 0x00000000c3b00000|  0%| F|  |TAMS 0x00000000c3a00000, 0x00000000c3a00000| Untracked 
|  29|0x00000000c3b00000, 0x00000000c3b00000, 0x00000000c3c00000|  0%| F|  |TAMS 0x00000000c3b00000, 0x00000000c3b00000| Untracked 
|  30|0x00000000c3c00000, 0x00000000c3c00000, 0x00000000c3d00000|  0%| F|  |TAMS 0x00000000c3c00000, 0x00000000c3c00000| Untracked 
|  31|0x00000000c3d00000, 0x00000000c3d00000, 0x00000000c3e00000|  0%| F|  |TAMS 0x00000000c3d00000, 0x00000000c3d00000| Untracked 
|  32|0x00000000c3e00000, 0x00000000c3e00000, 0x00000000c3f00000|  0%| F|  |TAMS 0x00000000c3e00000, 0x00000000c3e00000| Untracked 
|  33|0x00000000c3f00000, 0x00000000c3f00000, 0x00000000c4000000|  0%| F|  |TAMS 0x00000000c3f00000, 0x00000000c3f00000| Untracked 
|  34|0x00000000c4000000, 0x00000000c4000000, 0x00000000c4100000|  0%| F|  |TAMS 0x00000000c4000000, 0x00000000c4000000| Untracked 
|  35|0x00000000c4100000, 0x00000000c4100000, 0x00000000c4200000|  0%| F|  |TAMS 0x00000000c4100000, 0x00000000c4100000| Untracked 
|  36|0x00000000c4200000, 0x00000000c4274f40, 0x00000000c4300000| 45%| S|CS|TAMS 0x00000000c4200000, 0x00000000c4200000| Complete 
|  37|0x00000000c4300000, 0x00000000c4400000, 0x00000000c4400000|100%| S|CS|TAMS 0x00000000c4300000, 0x00000000c4300000| Complete 
|  38|0x00000000c4400000, 0x00000000c4400000, 0x00000000c4500000|  0%| F|  |TAMS 0x00000000c4400000, 0x00000000c4400000| Untracked 
|  39|0x00000000c4500000, 0x00000000c4500000, 0x00000000c4600000|  0%| F|  |TAMS 0x00000000c4500000, 0x00000000c4500000| Untracked 
|  40|0x00000000c4600000, 0x00000000c4600000, 0x00000000c4700000|  0%| F|  |TAMS 0x00000000c4600000, 0x00000000c4600000| Untracked 
|  41|0x00000000c4700000, 0x00000000c4800000, 0x00000000c4800000|100%| S|CS|TAMS 0x00000000c4700000, 0x00000000c4700000| Complete 
|  42|0x00000000c4800000, 0x00000000c4800000, 0x00000000c4900000|  0%| F|  |TAMS 0x00000000c4800000, 0x00000000c4800000| Untracked 
|  43|0x00000000c4900000, 0x00000000c4900000, 0x00000000c4a00000|  0%| F|  |TAMS 0x00000000c4900000, 0x00000000c4900000| Untracked 
|  44|0x00000000c4a00000, 0x00000000c4a00000, 0x00000000c4b00000|  0%| F|  |TAMS 0x00000000c4a00000, 0x00000000c4a00000| Untracked 
|  45|0x00000000c4b00000, 0x00000000c4b00000, 0x00000000c4c00000|  0%| F|  |TAMS 0x00000000c4b00000, 0x00000000c4b00000| Untracked 
|  46|0x00000000c4c00000, 0x00000000c4c00000, 0x00000000c4d00000|  0%| F|  |TAMS 0x00000000c4c00000, 0x00000000c4c00000| Untracked 
|  47|0x00000000c4d00000, 0x00000000c4d00000, 0x00000000c4e00000|  0%| F|  |TAMS 0x00000000c4d00000, 0x00000000c4d00000| Untracked 
|  48|0x00000000c4e00000, 0x00000000c4e00000, 0x00000000c4f00000|  0%| F|  |TAMS 0x00000000c4e00000, 0x00000000c4e00000| Untracked 
|  49|0x00000000c4f00000, 0x00000000c4f00000, 0x00000000c5000000|  0%| F|  |TAMS 0x00000000c4f00000, 0x00000000c4f00000| Untracked 
|  50|0x00000000c5000000, 0x00000000c5000000, 0x00000000c5100000|  0%| F|  |TAMS 0x00000000c5000000, 0x00000000c5000000| Untracked 
|  51|0x00000000c5100000, 0x00000000c5100000, 0x00000000c5200000|  0%| F|  |TAMS 0x00000000c5100000, 0x00000000c5100000| Untracked 
|  52|0x00000000c5200000, 0x00000000c5200000, 0x00000000c5300000|  0%| F|  |TAMS 0x00000000c5200000, 0x00000000c5200000| Untracked 
|  53|0x00000000c5300000, 0x00000000c5300000, 0x00000000c5400000|  0%| F|  |TAMS 0x00000000c5300000, 0x00000000c5300000| Untracked 
|  54|0x00000000c5400000, 0x00000000c5400000, 0x00000000c5500000|  0%| F|  |TAMS 0x00000000c5400000, 0x00000000c5400000| Untracked 
|  55|0x00000000c5500000, 0x00000000c5500000, 0x00000000c5600000|  0%| F|  |TAMS 0x00000000c5500000, 0x00000000c5500000| Untracked 
|  56|0x00000000c5600000, 0x00000000c5600000, 0x00000000c5700000|  0%| F|  |TAMS 0x00000000c5600000, 0x00000000c5600000| Untracked 
|  57|0x00000000c5700000, 0x00000000c5700000, 0x00000000c5800000|  0%| F|  |TAMS 0x00000000c5700000, 0x00000000c5700000| Untracked 
|  58|0x00000000c5800000, 0x00000000c5800000, 0x00000000c5900000|  0%| F|  |TAMS 0x00000000c5800000, 0x00000000c5800000| Untracked 
|  59|0x00000000c5900000, 0x00000000c5900000, 0x00000000c5a00000|  0%| F|  |TAMS 0x00000000c5900000, 0x00000000c5900000| Untracked 
|  60|0x00000000c5a00000, 0x00000000c5a00000, 0x00000000c5b00000|  0%| F|  |TAMS 0x00000000c5a00000, 0x00000000c5a00000| Untracked 
|  61|0x00000000c5b00000, 0x00000000c5b00000, 0x00000000c5c00000|  0%| F|  |TAMS 0x00000000c5b00000, 0x00000000c5b00000| Untracked 
|  62|0x00000000c5c00000, 0x00000000c5c00000, 0x00000000c5d00000|  0%| F|  |TAMS 0x00000000c5c00000, 0x00000000c5c00000| Untracked 
|  63|0x00000000c5d00000, 0x00000000c5d00000, 0x00000000c5e00000|  0%| F|  |TAMS 0x00000000c5d00000, 0x00000000c5d00000| Untracked 
|  64|0x00000000c5e00000, 0x00000000c5e00000, 0x00000000c5f00000|  0%| F|  |TAMS 0x00000000c5e00000, 0x00000000c5e00000| Untracked 
|  65|0x00000000c5f00000, 0x00000000c5f00000, 0x00000000c6000000|  0%| F|  |TAMS 0x00000000c5f00000, 0x00000000c5f00000| Untracked 
|  66|0x00000000c6000000, 0x00000000c6000000, 0x00000000c6100000|  0%| F|  |TAMS 0x00000000c6000000, 0x00000000c6000000| Untracked 
|  67|0x00000000c6100000, 0x00000000c6100000, 0x00000000c6200000|  0%| F|  |TAMS 0x00000000c6100000, 0x00000000c6100000| Untracked 
|  68|0x00000000c6200000, 0x00000000c6200000, 0x00000000c6300000|  0%| F|  |TAMS 0x00000000c6200000, 0x00000000c6200000| Untracked 
|  69|0x00000000c6300000, 0x00000000c6300000, 0x00000000c6400000|  0%| F|  |TAMS 0x00000000c6300000, 0x00000000c6300000| Untracked 
|  70|0x00000000c6400000, 0x00000000c6400000, 0x00000000c6500000|  0%| F|  |TAMS 0x00000000c6400000, 0x00000000c6400000| Untracked 
|  71|0x00000000c6500000, 0x00000000c6500000, 0x00000000c6600000|  0%| F|  |TAMS 0x00000000c6500000, 0x00000000c6500000| Untracked 
|  72|0x00000000c6600000, 0x00000000c6600000, 0x00000000c6700000|  0%| F|  |TAMS 0x00000000c6600000, 0x00000000c6600000| Untracked 
|  73|0x00000000c6700000, 0x00000000c6700000, 0x00000000c6800000|  0%| F|  |TAMS 0x00000000c6700000, 0x00000000c6700000| Untracked 
|  74|0x00000000c6800000, 0x00000000c6800000, 0x00000000c6900000|  0%| F|  |TAMS 0x00000000c6800000, 0x00000000c6800000| Untracked 
|  75|0x00000000c6900000, 0x00000000c6900000, 0x00000000c6a00000|  0%| F|  |TAMS 0x00000000c6900000, 0x00000000c6900000| Untracked 
|  76|0x00000000c6a00000, 0x00000000c6a00000, 0x00000000c6b00000|  0%| F|  |TAMS 0x00000000c6a00000, 0x00000000c6a00000| Untracked 
|  77|0x00000000c6b00000, 0x00000000c6b00000, 0x00000000c6c00000|  0%| F|  |TAMS 0x00000000c6b00000, 0x00000000c6b00000| Untracked 
|  78|0x00000000c6c00000, 0x00000000c6c00000, 0x00000000c6d00000|  0%| F|  |TAMS 0x00000000c6c00000, 0x00000000c6c00000| Untracked 
|  79|0x00000000c6d00000, 0x00000000c6d00000, 0x00000000c6e00000|  0%| F|  |TAMS 0x00000000c6d00000, 0x00000000c6d00000| Untracked 
|  80|0x00000000c6e00000, 0x00000000c6e00000, 0x00000000c6f00000|  0%| F|  |TAMS 0x00000000c6e00000, 0x00000000c6e00000| Untracked 
|  81|0x00000000c6f00000, 0x00000000c6f00000, 0x00000000c7000000|  0%| F|  |TAMS 0x00000000c6f00000, 0x00000000c6f00000| Untracked 
|  82|0x00000000c7000000, 0x00000000c7000000, 0x00000000c7100000|  0%| F|  |TAMS 0x00000000c7000000, 0x00000000c7000000| Untracked 
|  83|0x00000000c7100000, 0x00000000c7100000, 0x00000000c7200000|  0%| F|  |TAMS 0x00000000c7100000, 0x00000000c7100000| Untracked 
|  84|0x00000000c7200000, 0x00000000c7200000, 0x00000000c7300000|  0%| F|  |TAMS 0x00000000c7200000, 0x00000000c7200000| Untracked 
|  85|0x00000000c7300000, 0x00000000c7300000, 0x00000000c7400000|  0%| F|  |TAMS 0x00000000c7300000, 0x00000000c7300000| Untracked 
|  86|0x00000000c7400000, 0x00000000c7400000, 0x00000000c7500000|  0%| F|  |TAMS 0x00000000c7400000, 0x00000000c7400000| Untracked 

Card table byte_map: [0x0000017a7c7a0000,0x0000017a7c9a0000] _byte_map_base: 0x0000017a7c191000

Marking Bits (Prev, Next): (CMBitMap*) 0x0000017a6a120c60, (CMBitMap*) 0x0000017a6a120ca0
 Prev Bits: [0x0000017a7cba0000, 0x0000017a7db28000)
 Next Bits: [0x0000017a7db30000, 0x0000017a7eab8000)

Polling page: 0x0000017a682a0000

Metaspace:

Usage:
  Non-class:     25.74 MB used.
      Class:      2.92 MB used.
       Both:     28.66 MB used.

Virtual space:
  Non-class space:       32.00 MB reserved,      25.94 MB ( 81%) committed,  4 nodes.
      Class space:        1.00 GB reserved,       3.06 MB ( <1%) committed,  1 nodes.
             Both:        1.03 GB reserved,      29.00 MB (  3%) committed. 

Chunk freelists:
   Non-Class:  1.97 MB
       Class:  879.00 KB
        Both:  2.83 MB

MaxMetaspaceSize: unlimited
CompressedClassSpaceSize: 1.00 GB
Initial GC threshold: 21.00 MB
Current GC threshold: 39.94 MB
CDS: off
MetaspaceReclaimPolicy: balanced
 - commit_granule_bytes: 65536.
 - commit_granule_words: 8192.
 - virtual_space_node_default_size: 1048576.
 - enlarge_chunks_in_place: 1.
 - new_chunks_are_fully_committed: 0.
 - uncommit_free_chunks: 1.
 - use_allocation_guard: 0.
 - handle_deallocations: 1.


Internal statistics:

num_allocs_failed_limit: 3.
num_arena_births: 152.
num_arena_deaths: 0.
num_vsnodes_births: 5.
num_vsnodes_deaths: 0.
num_space_committed: 464.
num_space_uncommitted: 0.
num_chunks_returned_to_freelist: 3.
num_chunks_taken_from_freelist: 854.
num_chunk_merges: 3.
num_chunk_splits: 591.
num_chunks_enlarged: 446.
num_purges: 0.
num_inconsistent_stats: 0.

CodeHeap 'non-profiled nmethods': size=120064Kb used=2630Kb max_used=2630Kb free=117433Kb
 bounds [0x0000017a75260000, 0x0000017a75500000, 0x0000017a7c7a0000]
CodeHeap 'profiled nmethods': size=120000Kb used=11027Kb max_used=11027Kb free=108972Kb
 bounds [0x0000017a6dd30000, 0x0000017a6e800000, 0x0000017a75260000]
CodeHeap 'non-nmethods': size=5696Kb used=1213Kb max_used=1252Kb free=4482Kb
 bounds [0x0000017a6d7a0000, 0x0000017a6da10000, 0x0000017a6dd30000]
 total_blobs=5492 nmethods=4974 adapters=431
 compilation: enabled
              stopped_count=0, restarted_count=0
 full_count=0

Compilation events (20 events):
Event: 16.347 Thread 0x0000017a7ed7e6b0 4984       3       org.eclipse.sisu.plexus.CompositeBeanHelper::convertProperty (94 bytes)
Event: 16.347 Thread 0x0000017a7ed7e6b0 nmethod 4984 0x0000017a6e7ee290 code [0x0000017a6e7ee4a0, 0x0000017a6e7eebf8]
Event: 16.347 Thread 0x0000017a7ed7e6b0 4985   !   3       org.codehaus.plexus.component.configurator.converters.AbstractConfigurationConverter::getClassForImplementationHint (152 bytes)
Event: 16.349 Thread 0x0000017a7ed7e6b0 nmethod 4985 0x0000017a6e7eed90 code [0x0000017a6e7ef140, 0x0000017a6e7f0888]
Event: 16.350 Thread 0x0000017a7ed7e6b0 4986       3       org.springframework.boot.maven.ExcludeFilter::filter (45 bytes)
Event: 16.350 Thread 0x0000017a7ed7e6b0 nmethod 4986 0x0000017a6e7f1310 code [0x0000017a6e7f1500, 0x0000017a6e7f1a98]
Event: 16.351 Thread 0x0000017a7ed7e6b0 4987       3       org.springframework.boot.maven.DependencyFilter::equals (74 bytes)
Event: 16.351 Thread 0x0000017a7ed7e6b0 nmethod 4987 0x0000017a6e7f1c10 code [0x0000017a6e7f1e20, 0x0000017a6e7f2568]
Event: 16.353 Thread 0x0000017a7ed7e6b0 4988       3       java.util.zip.ZipFile$Source::close (50 bytes)
Event: 16.353 Thread 0x0000017a7ed7e6b0 nmethod 4988 0x0000017a6e7f2810 code [0x0000017a6e7f29c0, 0x0000017a6e7f2c88]
Event: 16.397 Thread 0x0000017a7ed7e6b0 4989       3       java.util.Hashtable::<init> (8 bytes)
Event: 16.397 Thread 0x0000017a7ed7e6b0 nmethod 4989 0x0000017a6e7f2d90 code [0x0000017a6e7f2f60, 0x0000017a6e7f30a8]
Event: 16.401 Thread 0x0000017a7ed7e6b0 4990       3       java.util.jar.JarFile::<init> (11 bytes)
Event: 16.401 Thread 0x0000017a7ed7e6b0 nmethod 4990 0x0000017a6e7f3190 code [0x0000017a6e7f3340, 0x0000017a6e7f3488]
Event: 16.404 Thread 0x0000017a7ed7e6b0 4992       2       java.util.jar.JarVerifier::<init> (144 bytes)
Event: 16.405 Thread 0x0000017a7ed7e6b0 nmethod 4992 0x0000017a6e7f3510 code [0x0000017a6e7f3760, 0x0000017a6e7f42b8]
Event: 16.405 Thread 0x0000017a7ed7e6b0 4993       2       java.util.jar.Attributes::getValue (12 bytes)
Event: 16.406 Thread 0x0000017a7ed7e6b0 nmethod 4993 0x0000017a6e7f4510 code [0x0000017a6e7f46e0, 0x0000017a6e7f49d8]
Event: 16.406 Thread 0x0000017a7ed7e6b0 4994       2       java.util.jar.JarFile::<init> (8 bytes)
Event: 16.406 Thread 0x0000017a7ed7e6b0 nmethod 4994 0x0000017a6e7f4b90 code [0x0000017a6e7f4d20, 0x0000017a6e7f4e48]

GC Heap History (20 events):
Event: 10.672 GC heap after
{Heap after GC invocations=15 (full 0):
 garbage-first heap   total 45056K, used 18378K [0x00000000c1e00000, 0x0000000100000000)
  region size 1024K, 1 young (1024K), 1 survivors (1024K)
 Metaspace       used 23373K, committed 23552K, reserved 1073152K
  class space    used 2360K, committed 2432K, reserved 1048576K
}
Event: 11.318 GC heap before
{Heap before GC invocations=16 (full 0):
 garbage-first heap   total 45056K, used 31690K [0x00000000c1e00000, 0x0000000100000000)
  region size 1024K, 15 young (15360K), 1 survivors (1024K)
 Metaspace       used 24345K, committed 24512K, reserved 1073152K
  class space    used 2460K, committed 2496K, reserved 1048576K
}
Event: 11.322 GC heap after
{Heap after GC invocations=17 (full 0):
 garbage-first heap   total 45056K, used 19085K [0x00000000c1e00000, 0x0000000100000000)
  region size 1024K, 2 young (2048K), 2 survivors (2048K)
 Metaspace       used 24345K, committed 24512K, reserved 1073152K
  class space    used 2460K, committed 2496K, reserved 1048576K
}
Event: 11.325 GC heap before
{Heap before GC invocations=17 (full 0):
 garbage-first heap   total 45056K, used 27277K [0x00000000c1e00000, 0x0000000100000000)
  region size 1024K, 3 young (3072K), 2 survivors (2048K)
 Metaspace       used 24345K, committed 24512K, reserved 1073152K
  class space    used 2460K, committed 2496K, reserved 1048576K
}
Event: 11.335 GC heap after
{Heap after GC invocations=18 (full 0):
 garbage-first heap   total 45056K, used 27342K [0x00000000c1e00000, 0x0000000100000000)
  region size 1024K, 1 young (1024K), 1 survivors (1024K)
 Metaspace       used 24345K, committed 24512K, reserved 1073152K
  class space    used 2460K, committed 2496K, reserved 1048576K
}
Event: 11.404 GC heap before
{Heap before GC invocations=19 (full 0):
 garbage-first heap   total 48128K, used 39630K [0x00000000c1e00000, 0x0000000100000000)
  region size 1024K, 2 young (2048K), 1 survivors (1024K)
 Metaspace       used 24345K, committed 24512K, reserved 1073152K
  class space    used 2460K, committed 2496K, reserved 1048576K
}
Event: 11.407 GC heap after
{Heap after GC invocations=20 (full 0):
 garbage-first heap   total 48128K, used 39613K [0x00000000c1e00000, 0x0000000100000000)
  region size 1024K, 1 young (1024K), 1 survivors (1024K)
 Metaspace       used 24345K, committed 24512K, reserved 1073152K
  class space    used 2460K, committed 2496K, reserved 1048576K
}
Event: 11.549 GC heap before
{Heap before GC invocations=21 (full 0):
 garbage-first heap   total 89088K, used 51901K [0x00000000c1e00000, 0x0000000100000000)
  region size 1024K, 2 young (2048K), 1 survivors (1024K)
 Metaspace       used 24383K, committed 24576K, reserved 1073152K
  class space    used 2464K, committed 2560K, reserved 1048576K
}
Event: 11.552 GC heap after
{Heap after GC invocations=22 (full 0):
 garbage-first heap   total 89088K, used 19156K [0x00000000c1e00000, 0x0000000100000000)
  region size 1024K, 1 young (1024K), 1 survivors (1024K)
 Metaspace       used 24383K, committed 24576K, reserved 1073152K
  class space    used 2464K, committed 2560K, reserved 1048576K
}
Event: 13.565 GC heap before
{Heap before GC invocations=22 (full 0):
 garbage-first heap   total 89088K, used 67284K [0x00000000c1e00000, 0x0000000100000000)
  region size 1024K, 48 young (49152K), 1 survivors (1024K)
 Metaspace       used 26408K, committed 26624K, reserved 1073152K
  class space    used 2630K, committed 2752K, reserved 1048576K
}
Event: 13.579 GC heap after
{Heap after GC invocations=23 (full 0):
 garbage-first heap   total 89088K, used 21651K [0x00000000c1e00000, 0x0000000100000000)
  region size 1024K, 3 young (3072K), 3 survivors (3072K)
 Metaspace       used 26408K, committed 26624K, reserved 1073152K
  class space    used 2630K, committed 2752K, reserved 1048576K
}
Event: 15.347 GC heap before
{Heap before GC invocations=23 (full 0):
 garbage-first heap   total 89088K, used 66707K [0x00000000c1e00000, 0x0000000100000000)
  region size 1024K, 48 young (49152K), 3 survivors (3072K)
 Metaspace       used 28216K, committed 28544K, reserved 1081344K
  class space    used 2837K, committed 3008K, reserved 1048576K
}
Event: 15.355 GC heap after
{Heap after GC invocations=24 (full 0):
 garbage-first heap   total 89088K, used 23837K [0x00000000c1e00000, 0x0000000100000000)
  region size 1024K, 5 young (5120K), 5 survivors (5120K)
 Metaspace       used 28216K, committed 28544K, reserved 1081344K
  class space    used 2837K, committed 3008K, reserved 1048576K
}
Event: 15.839 GC heap before
{Heap before GC invocations=24 (full 0):
 garbage-first heap   total 89088K, used 70941K [0x00000000c1e00000, 0x0000000100000000)
  region size 1024K, 50 young (51200K), 5 survivors (5120K)
 Metaspace       used 28953K, committed 29248K, reserved 1081344K
  class space    used 2927K, committed 3072K, reserved 1048576K
}
Event: 15.846 GC heap after
{Heap after GC invocations=25 (full 0):
 garbage-first heap   total 89088K, used 27086K [0x00000000c1e00000, 0x0000000100000000)
  region size 1024K, 5 young (5120K), 5 survivors (5120K)
 Metaspace       used 28953K, committed 29248K, reserved 1081344K
  class space    used 2927K, committed 3072K, reserved 1048576K
}
Event: 15.858 GC heap before
{Heap before GC invocations=25 (full 0):
 garbage-first heap   total 89088K, used 69070K [0x00000000c1e00000, 0x0000000100000000)
  region size 1024K, 47 young (48128K), 5 survivors (5120K)
 Metaspace       used 28953K, committed 29248K, reserved 1081344K
  class space    used 2927K, committed 3072K, reserved 1048576K
}
Event: 15.862 GC heap after
{Heap after GC invocations=26 (full 0):
 garbage-first heap   total 89088K, used 26999K [0x00000000c1e00000, 0x0000000100000000)
  region size 1024K, 3 young (3072K), 3 survivors (3072K)
 Metaspace       used 28953K, committed 29248K, reserved 1081344K
  class space    used 2927K, committed 3072K, reserved 1048576K
}
Event: 15.974 GC heap before
{Heap before GC invocations=26 (full 0):
 garbage-first heap   total 89088K, used 70007K [0x00000000c1e00000, 0x0000000100000000)
  region size 1024K, 46 young (47104K), 3 survivors (3072K)
 Metaspace       used 28954K, committed 29248K, reserved 1081344K
  class space    used 2927K, committed 3072K, reserved 1048576K
}
Event: 15.977 GC heap after
{Heap after GC invocations=27 (full 0):
 garbage-first heap   total 89088K, used 25836K [0x00000000c1e00000, 0x0000000100000000)
  region size 1024K, 3 young (3072K), 3 survivors (3072K)
 Metaspace       used 28954K, committed 29248K, reserved 1081344K
  class space    used 2927K, committed 3072K, reserved 1048576K
}
Event: 16.445 GC heap before
{Heap before GC invocations=27 (full 0):
 garbage-first heap   total 89088K, used 72940K [0x00000000c1e00000, 0x0000000100000000)
  region size 1024K, 48 young (49152K), 3 survivors (3072K)
 Metaspace       used 29348K, committed 29696K, reserved 1081344K
  class space    used 2986K, committed 3136K, reserved 1048576K
}

Deoptimization events (20 events):
Event: 16.342 Thread 0x0000017a6a0f2010 DEOPT PACKING pc=0x0000017a754d9a04 sp=0x0000006da88fbbb0
Event: 16.342 Thread 0x0000017a6a0f2010 DEOPT UNPACKING pc=0x0000017a6d7f239d sp=0x0000006da88fbb80 mode 2
Event: 16.342 Thread 0x0000017a6a0f2010 Uncommon trap: trap_request=0xffffffd6 fr.pc=0x0000017a754d9b70 relative=0x0000000000001550
Event: 16.342 Thread 0x0000017a6a0f2010 Uncommon trap: reason=array_check action=maybe_recompile pc=0x0000017a754d9b70 method=java.util.TimSort.binarySort([Ljava/lang/Object;IIILjava/util/Comparator;)V @ 193 c2
Event: 16.342 Thread 0x0000017a6a0f2010 DEOPT PACKING pc=0x0000017a754d9b70 sp=0x0000006da88fbbb0
Event: 16.342 Thread 0x0000017a6a0f2010 DEOPT UNPACKING pc=0x0000017a6d7f239d sp=0x0000006da88fbb78 mode 2
Event: 16.342 Thread 0x0000017a6a0f2010 Uncommon trap: trap_request=0xffffffbe fr.pc=0x0000017a754d9a04 relative=0x00000000000013e4
Event: 16.342 Thread 0x0000017a6a0f2010 Uncommon trap: reason=profile_predicate action=maybe_recompile pc=0x0000017a754d9a04 method=java.util.TimSort.binarySort([Ljava/lang/Object;IIILjava/util/Comparator;)V @ 73 c2
Event: 16.342 Thread 0x0000017a6a0f2010 DEOPT PACKING pc=0x0000017a754d9a04 sp=0x0000006da88fbbb0
Event: 16.342 Thread 0x0000017a6a0f2010 DEOPT UNPACKING pc=0x0000017a6d7f239d sp=0x0000006da88fbb80 mode 2
Event: 16.355 Thread 0x0000017a6a0f2010 DEOPT PACKING pc=0x0000017a6dfdc18c sp=0x0000006da88fd2b0
Event: 16.355 Thread 0x0000017a6a0f2010 DEOPT UNPACKING pc=0x0000017a6d7f2b24 sp=0x0000006da88fc830 mode 0
Event: 16.384 Thread 0x0000017a6a0f2010 DEOPT PACKING pc=0x0000017a6e6620bd sp=0x0000006da88fd480
Event: 16.384 Thread 0x0000017a6a0f2010 DEOPT UNPACKING pc=0x0000017a6d7f2b24 sp=0x0000006da88fc908 mode 0
Event: 16.384 Thread 0x0000017a6a0f2010 DEOPT PACKING pc=0x0000017a6e58cb39 sp=0x0000006da88fd4c0
Event: 16.384 Thread 0x0000017a6a0f2010 DEOPT UNPACKING pc=0x0000017a6d7f2b24 sp=0x0000006da88fca40 mode 0
Event: 16.403 Thread 0x0000017a6a0f2010 DEOPT PACKING pc=0x0000017a6e58cb39 sp=0x0000006da88fd4f0
Event: 16.403 Thread 0x0000017a6a0f2010 DEOPT UNPACKING pc=0x0000017a6d7f2b24 sp=0x0000006da88fca70 mode 0
Event: 16.409 Thread 0x0000017a6a0f2010 DEOPT PACKING pc=0x0000017a6e6620bd sp=0x0000006da88fd4e0
Event: 16.409 Thread 0x0000017a6a0f2010 DEOPT UNPACKING pc=0x0000017a6d7f2b24 sp=0x0000006da88fc968 mode 0

Classes unloaded (0 events):
No events

Classes redefined (0 events):
No events

Internal exceptions (20 events):
Event: 6.933 Thread 0x0000017a6a0f2010 Exception <a 'java/lang/NoClassDefFoundError'{0x00000000c582d2b8}: com/google/inject/servlet/ServletModuleTargetVisitor> (0x00000000c582d2b8) 
thrown [e:\jenkins\tmp\workspace\build\src\src\hotspot\share\classfile\systemDictionary.cpp, line 245]
Event: 6.981 Thread 0x0000017a6a0f2010 Exception <a 'java/lang/NoSuchMethodError'{0x00000000c58557f8}: 'java.lang.Object java.lang.invoke.DirectMethodHandle$Holder.invokeStaticInit(java.lang.Object)'> (0x00000000c58557f8) 
thrown [e:\jenkins\tmp\workspace\build\src\src\hotspot\share\interpreter\linkResolver.cpp, line 766]
Event: 7.121 Thread 0x0000017a6a0f2010 Exception <a 'java/lang/NoSuchMethodError'{0x00000000c574eab0}: 'java.lang.Object java.lang.invoke.DirectMethodHandle$Holder.invokeStaticInit(java.lang.Object, int, int, int, int)'> (0x00000000c574eab0) 
thrown [e:\jenkins\tmp\workspace\build\src\src\hotspot\share\interpreter\linkResolver.cpp, line 766]
Event: 7.297 Thread 0x0000017a6a0f2010 Implicit null exception at 0x0000017a752873f2 to 0x0000017a75287904
Event: 7.298 Thread 0x0000017a6a0f2010 Implicit null exception at 0x0000017a752abbd2 to 0x0000017a752ac0d4
Event: 8.425 Thread 0x0000017a6a0f2010 Implicit null exception at 0x0000017a75369d5b to 0x0000017a7536b200
Event: 8.425 Thread 0x0000017a6a0f2010 Implicit null exception at 0x0000017a752f236a to 0x0000017a752f2514
Event: 8.425 Thread 0x0000017a6a0f2010 Implicit null exception at 0x0000017a7533971b to 0x0000017a75339e10
Event: 10.619 Thread 0x0000017a6a0f2010 Implicit null exception at 0x0000017a75338aea to 0x0000017a75338c98
Event: 10.619 Thread 0x0000017a6a0f2010 Implicit null exception at 0x0000017a7531080f to 0x0000017a75310885
Event: 11.238 Thread 0x0000017a6a0f2010 Exception <a 'java/lang/NoSuchMethodError'{0x00000000c3d66bd8}: 'int java.lang.invoke.DirectMethodHandle$Holder.invokeStatic(java.lang.Object, java.lang.Object, int)'> (0x00000000c3d66bd8) 
thrown [e:\jenkins\tmp\workspace\build\src\src\hotspot\share\interpreter\linkResolver.cpp, line 766]
Event: 13.184 Thread 0x0000017a0370aa90 Implicit null exception at 0x0000017a7547740e to 0x0000017a754774cc
Event: 13.239 Thread 0x0000017a0370aa90 Exception <a 'java/lang/NoSuchMethodError'{0x00000000c4fc2da0}: 'java.lang.Object java.lang.invoke.DirectMethodHandle$Holder.invokeStaticInit(java.lang.Object, java.lang.Object, long, java.lang.Object)'> (0x00000000c4fc2da0) 
thrown [e:\jenkins\tmp\workspace\build\src\src\hotspot\share\interpreter\linkResolver.cpp, line 766]
Event: 13.241 Thread 0x0000017a0370aa90 Exception <a 'java/lang/NoSuchMethodError'{0x00000000c4fc9668}: 'java.lang.Object java.lang.invoke.DirectMethodHandle$Holder.newInvokeSpecial(java.lang.Object, java.lang.Object, long)'> (0x00000000c4fc9668) 
thrown [e:\jenkins\tmp\workspace\build\src\src\hotspot\share\interpreter\linkResolver.cpp, line 766]
Event: 13.242 Thread 0x0000017a0370aa90 Exception <a 'java/lang/NoSuchMethodError'{0x00000000c4fcd958}: 'java.lang.Object java.lang.invoke.Invokers$Holder.linkToTargetMethod(java.lang.Object, long, java.lang.Object)'> (0x00000000c4fcd958) 
thrown [e:\jenkins\tmp\workspace\build\src\src\hotspot\share\interpreter\linkResolver.cpp, line 766]
Event: 13.977 Thread 0x0000017a6a0f2010 Exception <a 'java/lang/NoSuchMethodError'{0x00000000c6bda7b8}: 'void java.lang.invoke.DirectMethodHandle$Holder.invokeSpecial(java.lang.Object, java.lang.Object, java.lang.Object)'> (0x00000000c6bda7b8) 
thrown [e:\jenkins\tmp\workspace\build\src\src\hotspot\share\interpreter\linkResolver.cpp, line 766]
Event: 15.517 Thread 0x0000017a6a0f2010 Exception <a 'java/lang/NoClassDefFoundError'{0x00000000c6b72e08}: org/sonatype/aether/graph/DependencyNode> (0x00000000c6b72e08) 
thrown [e:\jenkins\tmp\workspace\build\src\src\hotspot\share\classfile\systemDictionary.cpp, line 245]
Event: 16.076 Thread 0x0000017a6a0f2010 Exception <a 'java/lang/NoSuchMethodError'{0x00000000c71fce10}: 'void java.lang.invoke.DirectMethodHandle$Holder.invokeStatic(java.lang.Object, java.lang.Object, java.lang.Object, java.lang.Object)'> (0x00000000c71fce10) 
thrown [e:\jenkins\tmp\workspace\build\src\src\hotspot\share\interpreter\linkResolver.cpp, line 766]
Event: 16.170 Thread 0x0000017a6a0f2010 Implicit null exception at 0x0000017a754a6d54 to 0x0000017a754a70dc
Event: 16.212 Thread 0x0000017a6a0f2010 Implicit null exception at 0x0000017a754bc84e to 0x0000017a754c079c

VM Operations (20 events):
Event: 13.579 Executing VM operation: G1CollectForAllocation done
Event: 13.752 Executing VM operation: HandshakeAllThreads
Event: 13.752 Executing VM operation: HandshakeAllThreads done
Event: 13.769 Executing VM operation: HandshakeAllThreads
Event: 13.769 Executing VM operation: HandshakeAllThreads done
Event: 13.814 Executing VM operation: HandshakeAllThreads
Event: 13.814 Executing VM operation: HandshakeAllThreads done
Event: 13.987 Executing VM operation: HandshakeAllThreads
Event: 13.987 Executing VM operation: HandshakeAllThreads done
Event: 14.993 Executing VM operation: Cleanup
Event: 14.993 Executing VM operation: Cleanup done
Event: 15.347 Executing VM operation: G1CollectForAllocation
Event: 15.355 Executing VM operation: G1CollectForAllocation done
Event: 15.839 Executing VM operation: G1CollectForAllocation
Event: 15.847 Executing VM operation: G1CollectForAllocation done
Event: 15.858 Executing VM operation: G1CollectForAllocation
Event: 15.862 Executing VM operation: G1CollectForAllocation done
Event: 15.974 Executing VM operation: G1CollectForAllocation
Event: 15.977 Executing VM operation: G1CollectForAllocation done
Event: 16.445 Executing VM operation: G1CollectForAllocation

Events (20 events):
Event: 16.140 loading class java/util/stream/DistinctOps
Event: 16.142 loading class java/util/stream/DistinctOps done
Event: 16.142 loading class java/util/stream/DistinctOps$1
Event: 16.142 loading class java/util/stream/ReferencePipeline$StatefulOp
Event: 16.142 loading class java/util/stream/ReferencePipeline$StatefulOp done
Event: 16.142 loading class java/util/stream/DistinctOps$1 done
Event: 16.142 loading class java/util/ImmutableCollections$Access
Event: 16.142 loading class java/util/ImmutableCollections$Access done
Event: 16.142 loading class java/util/ImmutableCollections$Access$1
Event: 16.142 loading class jdk/internal/access/JavaUtilCollectionAccess
Event: 16.142 loading class jdk/internal/access/JavaUtilCollectionAccess done
Event: 16.142 loading class java/util/ImmutableCollections$Access$1 done
Event: 16.143 loading class java/util/stream/Nodes$SpinedNodeBuilder
Event: 16.144 loading class java/util/stream/SpinedBuffer
Event: 16.145 loading class java/util/stream/AbstractSpinedBuffer
Event: 16.145 loading class java/util/stream/AbstractSpinedBuffer done
Event: 16.145 loading class java/util/stream/SpinedBuffer done
Event: 16.146 loading class java/util/stream/Nodes$SpinedNodeBuilder done
Event: 16.146 loading class java/util/stream/DistinctOps$1$2
Event: 16.146 loading class java/util/stream/DistinctOps$1$2 done


Dynamic libraries:
0x00007ff778860000 - 0x00007ff77886e000 	C:\Users\User\.p2\pool\plugins\org.eclipse.justj.openjdk.hotspot.jre.full.win32.x86_64_17.0.1.v20211116-1657\jre\bin\javaw.exe
0x00007ffa66750000 - 0x00007ffa66947000 	C:\WINDOWS\SYSTEM32\ntdll.dll
0x00007ffa656d0000 - 0x00007ffa6578d000 	C:\WINDOWS\System32\KERNEL32.DLL
0x00007ffa64160000 - 0x00007ffa64456000 	C:\WINDOWS\System32\KERNELBASE.dll
0x00007ffa64460000 - 0x00007ffa64560000 	C:\WINDOWS\System32\ucrtbase.dll
0x00007ffa53770000 - 0x00007ffa53788000 	C:\Users\User\.p2\pool\plugins\org.eclipse.justj.openjdk.hotspot.jre.full.win32.x86_64_17.0.1.v20211116-1657\jre\bin\jli.dll
0x00007ffa535b0000 - 0x00007ffa535c9000 	C:\Users\User\.p2\pool\plugins\org.eclipse.justj.openjdk.hotspot.jre.full.win32.x86_64_17.0.1.v20211116-1657\jre\bin\VCRUNTIME140.dll
0x00007ffa66570000 - 0x00007ffa6670e000 	C:\WINDOWS\System32\USER32.dll
0x00007ffa64080000 - 0x00007ffa640a2000 	C:\WINDOWS\System32\win32u.dll
0x00007ffa647d0000 - 0x00007ffa647fc000 	C:\WINDOWS\System32\GDI32.dll
0x00007ffa63ec0000 - 0x00007ffa63fda000 	C:\WINDOWS\System32\gdi32full.dll
0x00007ffa63fe0000 - 0x00007ffa6407d000 	C:\WINDOWS\System32\msvcp_win.dll
0x00007ffa54110000 - 0x00007ffa543aa000 	C:\WINDOWS\WinSxS\amd64_microsoft.windows.common-controls_6595b64144ccf1df_6.0.19041.3570_none_60bb2a3971f3e41a\COMCTL32.dll
0x00007ffa64a50000 - 0x00007ffa64aee000 	C:\WINDOWS\System32\msvcrt.dll
0x00007ffa654a0000 - 0x00007ffa654d0000 	C:\WINDOWS\System32\IMM32.DLL
0x00007ffa5b470000 - 0x00007ffa5b47c000 	C:\Users\User\.p2\pool\plugins\org.eclipse.justj.openjdk.hotspot.jre.full.win32.x86_64_17.0.1.v20211116-1657\jre\bin\vcruntime140_1.dll
0x00007ffa3d010000 - 0x00007ffa3d0a1000 	C:\Users\User\.p2\pool\plugins\org.eclipse.justj.openjdk.hotspot.jre.full.win32.x86_64_17.0.1.v20211116-1657\jre\bin\msvcp140.dll
0x00007ffa1e460000 - 0x00007ffa1f0a6000 	C:\Users\User\.p2\pool\plugins\org.eclipse.justj.openjdk.hotspot.jre.full.win32.x86_64_17.0.1.v20211116-1657\jre\bin\server\jvm.dll
0x00007ffa65810000 - 0x00007ffa658be000 	C:\WINDOWS\System32\ADVAPI32.dll
0x00007ffa64800000 - 0x00007ffa6489c000 	C:\WINDOWS\System32\sechost.dll
0x00007ffa655a0000 - 0x00007ffa656c6000 	C:\WINDOWS\System32\RPCRT4.dll
0x00007ffa659e0000 - 0x00007ffa659e8000 	C:\WINDOWS\System32\PSAPI.DLL
0x00007ffa4ff20000 - 0x00007ffa4ff47000 	C:\WINDOWS\SYSTEM32\WINMM.dll
0x00007ffa58130000 - 0x00007ffa5813a000 	C:\WINDOWS\SYSTEM32\VERSION.dll
0x00007ffa611a0000 - 0x00007ffa611a9000 	C:\WINDOWS\SYSTEM32\WSOCK32.dll
0x00007ffa65310000 - 0x00007ffa6537b000 	C:\WINDOWS\System32\ws2_32.DLL
0x00007ffa62670000 - 0x00007ffa62682000 	C:\WINDOWS\SYSTEM32\kernel.appcore.dll
0x00007ffa588e0000 - 0x00007ffa588ea000 	C:\Users\User\.p2\pool\plugins\org.eclipse.justj.openjdk.hotspot.jre.full.win32.x86_64_17.0.1.v20211116-1657\jre\bin\jimage.dll
0x00007ffa51310000 - 0x00007ffa514f4000 	C:\WINDOWS\SYSTEM32\DBGHELP.DLL
0x00007ffa51260000 - 0x00007ffa51294000 	C:\WINDOWS\SYSTEM32\dbgcore.DLL
0x00007ffa63e30000 - 0x00007ffa63eb2000 	C:\WINDOWS\System32\bcryptPrimitives.dll
0x00007ffa50930000 - 0x00007ffa50955000 	C:\Users\User\.p2\pool\plugins\org.eclipse.justj.openjdk.hotspot.jre.full.win32.x86_64_17.0.1.v20211116-1657\jre\bin\java.dll
0x00007ffa53200000 - 0x00007ffa53218000 	C:\Users\User\.p2\pool\plugins\org.eclipse.justj.openjdk.hotspot.jre.full.win32.x86_64_17.0.1.v20211116-1657\jre\bin\zip.dll
0x00007ffa65d60000 - 0x00007ffa664a4000 	C:\WINDOWS\System32\SHELL32.dll
0x00007ffa61c60000 - 0x00007ffa623fb000 	C:\WINDOWS\SYSTEM32\windows.storage.dll
0x00007ffa659f0000 - 0x00007ffa65d44000 	C:\WINDOWS\System32\combase.dll
0x00007ffa636c0000 - 0x00007ffa636ed000 	C:\WINDOWS\SYSTEM32\Wldp.dll
0x00007ffa664c0000 - 0x00007ffa6656d000 	C:\WINDOWS\System32\SHCORE.dll
0x00007ffa64e40000 - 0x00007ffa64e95000 	C:\WINDOWS\System32\shlwapi.dll
0x00007ffa63d60000 - 0x00007ffa63d85000 	C:\WINDOWS\SYSTEM32\profapi.dll
0x00007ffa51590000 - 0x00007ffa515a9000 	C:\Users\User\.p2\pool\plugins\org.eclipse.justj.openjdk.hotspot.jre.full.win32.x86_64_17.0.1.v20211116-1657\jre\bin\net.dll
0x00007ffa5a880000 - 0x00007ffa5a98a000 	C:\WINDOWS\SYSTEM32\WINHTTP.dll
0x00007ffa634a0000 - 0x00007ffa6350a000 	C:\WINDOWS\system32\mswsock.dll
0x00007ffa4f3e0000 - 0x00007ffa4f3f5000 	C:\Users\User\.p2\pool\plugins\org.eclipse.justj.openjdk.hotspot.jre.full.win32.x86_64_17.0.1.v20211116-1657\jre\bin\nio.dll
0x0000000069ac0000 - 0x0000000069ae4000 	C:\Users\User\AppData\Local\Temp\jansi-2.4.0-f1d23fdcab59da9-jansi.dll
0x00007ffa58830000 - 0x00007ffa58840000 	C:\Users\User\.p2\pool\plugins\org.eclipse.justj.openjdk.hotspot.jre.full.win32.x86_64_17.0.1.v20211116-1657\jre\bin\verify.dll
0x00007ffa631b0000 - 0x00007ffa631eb000 	C:\WINDOWS\SYSTEM32\IPHLPAPI.DLL
0x00007ffa664b0000 - 0x00007ffa664b8000 	C:\WINDOWS\System32\NSI.dll
0x00007ffa5df20000 - 0x00007ffa5df37000 	C:\WINDOWS\SYSTEM32\dhcpcsvc6.DLL
0x00007ffa5cba0000 - 0x00007ffa5cbbd000 	C:\WINDOWS\SYSTEM32\dhcpcsvc.DLL
0x00007ffa631f0000 - 0x00007ffa632ba000 	C:\WINDOWS\SYSTEM32\DNSAPI.dll

dbghelp: loaded successfully - version: 4.0.5 - missing functions: none
symbol engine: initialized successfully - sym options: 0x614 - pdb path: .;C:\Users\User\.p2\pool\plugins\org.eclipse.justj.openjdk.hotspot.jre.full.win32.x86_64_17.0.1.v20211116-1657\jre\bin;C:\WINDOWS\SYSTEM32;C:\WINDOWS\WinSxS\amd64_microsoft.windows.common-controls_6595b64144ccf1df_6.0.19041.3570_none_60bb2a3971f3e41a;C:\Users\User\.p2\pool\plugins\org.eclipse.justj.openjdk.hotspot.jre.full.win32.x86_64_17.0.1.v20211116-1657\jre\bin\server;C:\Users\User\AppData\Local\Temp

VM Arguments:
jvm_args: -Dmaven.home=EMBEDDED -Dclassworlds.conf=C:\Users\User\eclipse-workspace\.metadata\.plugins\org.eclipse.m2e.launching\launches\m2conf1597324604436032387.tmp -Dmaven.multiModuleProjectDirectory=C:\Users\User\eclipse-workspace\eCommerceBackendSort -Dm2e.build.project.data.socket.port=49203 -Dfile.encoding=UTF-8 -XX:+ShowCodeDetailsInExceptionMessages 
java_command: org.codehaus.plexus.classworlds.launcher.Launcher -B -Dstyle.color=always spring-boot:build-image -DskipTests
java_class_path (initial): C:\Users\User\Desktop\eclipse\plugins\org.eclipse.m2e.maven.runtime_3.8.604.20221130-2149\jars\plexus-classworlds-2.6.0.jar
Launcher Type: SUN_STANDARD

[Global flags]
     intx CICompilerCount                          = 2                                         {product} {ergonomic}
     uint ConcGCThreads                            = 1                                         {product} {ergonomic}
     uint G1ConcRefinementThreads                  = 2                                         {product} {ergonomic}
   size_t G1HeapRegionSize                         = 1048576                                   {product} {ergonomic}
    uintx GCDrainStackTargetSize                   = 64                                        {product} {ergonomic}
   size_t InitialHeapSize                          = 67108864                                  {product} {ergonomic}
   size_t MarkStackSize                            = 4194304                                   {product} {ergonomic}
   size_t MaxHeapSize                              = 1042284544                                {product} {ergonomic}
   size_t MaxNewSize                               = 624951296                                 {product} {ergonomic}
   size_t MinHeapDeltaBytes                        = 1048576                                   {product} {ergonomic}
   size_t MinHeapSize                              = 8388608                                   {product} {ergonomic}
    uintx NonNMethodCodeHeapSize                   = 5826188                                {pd product} {ergonomic}
    uintx NonProfiledCodeHeapSize                  = 122916026                              {pd product} {ergonomic}
    uintx ProfiledCodeHeapSize                     = 122916026                              {pd product} {ergonomic}
    uintx ReservedCodeCacheSize                    = 251658240                              {pd product} {ergonomic}
     bool SegmentedCodeCache                       = true                                      {product} {ergonomic}
     bool ShowCodeDetailsInExceptionMessages       = true                                   {manageable} {command line}
   size_t SoftMaxHeapSize                          = 1042284544                             {manageable} {ergonomic}
     bool UseCompressedClassPointers               = true                           {product lp64_product} {ergonomic}
     bool UseCompressedOops                        = true                           {product lp64_product} {ergonomic}
     bool UseG1GC                                  = true                                      {product} {ergonomic}
     bool UseLargePagesIndividualAllocation        = false                                  {pd product} {ergonomic}

Logging:
Log output configuration:
 #0: stdout all=warning uptime,level,tags
 #1: stderr all=off uptime,level,tags

Environment Variables:
JAVA_HOME=C:\Program Files\Java\jbr
PATH=C:/Users/User/Desktop/eclipse//plugins/org.eclipse.justj.openjdk.hotspot.jre.full.win32.x86_64_17.0.5.v20221102-0933/jre/bin/server;C:/Users/User/Desktop/eclipse//plugins/org.eclipse.justj.openjdk.hotspot.jre.full.win32.x86_64_17.0.5.v20221102-0933/jre/bin;C:\Program Files\Java\jbr\bin;c:\users\user\gcc\bin;C:\Program Files\Microsoft MPI\Bin\;C:\Program Files (x86)\Common Files\Oracle\Java\javapath;C:\ANDROID-SDK\cmdline-tools\latest\bin;C:\flutter\bin;C:\WINDOWS\system32;C:\Program Files\MySQL\MySQL Server 5.5\bin;C:\WINDOWS;C:\WINDOWS\System32\Wbem;C:\WINDOWS\System32\WindowsPowerShell\v1.0\;C:\WINDOWS\System32\OpenSSH\;c:\altera\91sp2\quartus\bin;C:\PROGRA~2\Aldec\ACTIVE~1.1\BIN;C:\Aldec\Active-HDL 8.3\BIN;C:\Users\User\Desktop\IPZLab5\apache-maven-3.6.3\bin;C:\Program Files (x86)\Aldec\Active-HDL 8.1\BIN;C:\Program Files\MATLAB\R2017a\runtime\win64;C:\Program Files\MATLAB\R2017a\bin;C:\Program Files\Git\cmd;C:\apache-tomcat-9.0.80\bin;C:\Program Files\Java\jdk1.8.0_181\bin;c:\php;C:\Program Files\nodejs\;C:\msys64\mingw64\bin;C:\install\boost_1_80_0\bin.v2;C:\install\boost_1_80_0\stage\lib;C:\msys64\usr\lib\python3.11;C:\Users\User\AppData\Local\Programs\Python\Python38-32\include;C:\Users\User\Desktop\ewfewf\boost_1_80_0;C:\Users\User\Desktop\ewfewf\boost_1_80_0\stage\lib;C:\Program Files\OpenSSL-Win64\bin;C:\ANDROID-SDK\platform-tools;;C:\Program Files\Docker\Docker\resources\bin;C:\Users\User\Desktop\Java\java\JSP,Servlets\apache-tomcat-10.0.27\bin;C:\Program Files\MySQL\MySQL Shell 8.0\bin\;C:\Users\User\AppData\Local\Microsoft\WindowsApps;C:\Program Files\JetBrains\IntelliJ IDEA Community Edition 2022.3.1\bin;C:\Program Files\JetBrains\IntelliJ IDEA 2022.2.;C:\Users\User\AppData\Roaming\npm;C:\Users\User\AppData\Local\Programs\Microsoft VS Code\bin;C:\Users\User\Desktop\eclipse;
USERNAME=User
OS=Windows_NT
PROCESSOR_IDENTIFIER=Intel64 Family 6 Model 58 Stepping 9, GenuineIntel



---------------  S Y S T E M  ---------------

OS:
 Windows 10 , 64 bit Build 19041 (10.0.19041.3570)
OS uptime: 0 days 0:41 hours
Hyper-V role detected

CPU: total 2 (initial active 2) (2 cores per cpu, 1 threads per core) family 6 model 58 stepping 9 microcode 0x21, cx8, cmov, fxsr, mmx, sse, sse2, sse3, ssse3, sse4.1, sse4.2, popcnt, tsc, tscinvbit, erms, clmul, clflush, hv

Memory: 4k page, system-wide physical 3975M (53M free)
TotalPageFile size 8225M (AvailPageFile size 53M)
current process WorkingSet (physical memory assigned to process): 190M, peak: 196M
current process commit charge ("private bytes"): 212M, peak: 297M

vm_info: OpenJDK 64-Bit Server VM (17.0.1+12) for windows-amd64 JRE (17.0.1+12), built on Oct 20 2021 07:42:55 by "" with MS VC++ 16.7 (VS2019)

END.
