#
# There is insufficient memory for the Java Runtime Environment to continue.
# Native memory allocation (mmap) failed to map 27262976 bytes for G1 virtual space
# Possible reasons:
#   The system is out of physical RAM or swap space
#   The process is running with CompressedOops enabled, and the Java Heap may be blocking the growth of the native heap
# Possible solutions:
#   Reduce memory load on the system
#   Increase physical memory or swap space
#   Check if swap backing store is full
#   Decrease Java heap size (-Xmx/-Xms)
#   Decrease number of Java threads
#   Decrease Java thread stack sizes (-Xss)
#   Set larger code cache with -XX:ReservedCodeCacheSize=
#   JVM is running with Unscaled Compressed Oops mode in which the Java heap is
#     placed in the first 4GB address space. The Java Heap base address is the
#     maximum limit for the native heap growth. Please use -XX:HeapBaseMinAddress
#     to set the Java Heap base and to place the Java Heap above 4GB virtual address.
# This output file may be truncated or incomplete.
#
#  Out of Memory Error (os_windows.cpp:3469), pid=5948, tid=12664
#
# JRE version: OpenJDK Runtime Environment Temurin-17.0.1+12 (17.0.1+12) (build 17.0.1+12)
# Java VM: OpenJDK 64-Bit Server VM Temurin-17.0.1+12 (17.0.1+12, mixed mode, tiered, compressed oops, compressed class ptrs, g1 gc, windows-amd64)
# No core dump will be written. Minidumps are not enabled by default on client versions of Windows
#

---------------  S U M M A R Y ------------

Command Line: -Dfile.encoding=UTF-8 -XX:+ShowCodeDetailsInExceptionMessages com.springboot.mySpringBootCRUDapp.MynewappApplication

Host: Intel(R) Pentium(R) CPU 2020M @ 2.40GHz, 2 cores, 3G,  Windows 10 , 64 bit Build 19041 (10.0.19041.3031)
Time: Mon Jul 31 01:46:44 2023  Windows 10 , 64 bit Build 19041 (10.0.19041.3031) elapsed time: 4.086215 seconds (0d 0h 0m 4s)

---------------  T H R E A D  ---------------

Current thread (0x0000024bd37c00c0):  VMThread "VM Thread" [stack: 0x00000078ef500000,0x00000078ef600000] [id=12664]

Stack: [0x00000078ef500000,0x00000078ef600000]
Native frames: (J=compiled Java code, j=interpreted, Vv=VM code, C=native code)
V  [jvm.dll+0x6744da]
V  [jvm.dll+0x82e144]
V  [jvm.dll+0x82f8ee]
V  [jvm.dll+0x82ff53]
V  [jvm.dll+0x245175]
V  [jvm.dll+0x6714c9]
V  [jvm.dll+0x665f92]
V  [jvm.dll+0x303c3b]
V  [jvm.dll+0x30b176]
V  [jvm.dll+0x35af1e]
V  [jvm.dll+0x35b14f]
V  [jvm.dll+0x2dab78]
V  [jvm.dll+0x2d8e2c]
V  [jvm.dll+0x2d83fc]
V  [jvm.dll+0x31c24b]
V  [jvm.dll+0x8343bb]
V  [jvm.dll+0x8350f4]
V  [jvm.dll+0x83560c]
V  [jvm.dll+0x8359e4]
V  [jvm.dll+0x835ab0]
V  [jvm.dll+0x7de51a]
V  [jvm.dll+0x673305]
C  [ucrtbase.dll+0x21bb2]
C  [KERNEL32.DLL+0x17614]
C  [ntdll.dll+0x526f1]

VM_Operation (0x00000078eeffcd40): G1CollectForAllocation, mode: safepoint, requested by thread 0x0000024bd3701ff0


---------------  P R O C E S S  ---------------

Threads class SMR info:
_java_thread_list=0x0000024bec0afed0, length=13, elements={
0x0000024bd3701ff0, 0x0000024bea34a2c0, 0x0000024bea34bce0, 0x0000024bea322620,
0x0000024bea3241e0, 0x0000024bea389bb0, 0x0000024bea38ac10, 0x0000024bea38f640,
0x0000024bea391020, 0x0000024bea39e1c0, 0x0000024beae31960, 0x0000024beae40f00,
0x0000024bec59f210
}

Java Threads: ( => current thread )
  0x0000024bd3701ff0 JavaThread "main" [_thread_blocked, id=3156, stack(0x00000078eef00000,0x00000078ef000000)]
  0x0000024bea34a2c0 JavaThread "Reference Handler" daemon [_thread_blocked, id=1140, stack(0x00000078ef600000,0x00000078ef700000)]
  0x0000024bea34bce0 JavaThread "Finalizer" daemon [_thread_blocked, id=10280, stack(0x00000078ef700000,0x00000078ef800000)]
  0x0000024bea322620 JavaThread "Signal Dispatcher" daemon [_thread_blocked, id=7188, stack(0x00000078ef800000,0x00000078ef900000)]
  0x0000024bea3241e0 JavaThread "Attach Listener" daemon [_thread_blocked, id=2620, stack(0x00000078ef900000,0x00000078efa00000)]
  0x0000024bea389bb0 JavaThread "Service Thread" daemon [_thread_blocked, id=7508, stack(0x00000078efa00000,0x00000078efb00000)]
  0x0000024bea38ac10 JavaThread "Monitor Deflation Thread" daemon [_thread_blocked, id=12372, stack(0x00000078efb00000,0x00000078efc00000)]
  0x0000024bea38f640 JavaThread "C2 CompilerThread0" daemon [_thread_blocked, id=216, stack(0x00000078efc00000,0x00000078efd00000)]
  0x0000024bea391020 JavaThread "C1 CompilerThread0" daemon [_thread_blocked, id=2824, stack(0x00000078efd00000,0x00000078efe00000)]
  0x0000024bea39e1c0 JavaThread "Sweeper thread" daemon [_thread_blocked, id=12956, stack(0x00000078efe00000,0x00000078eff00000)]
  0x0000024beae31960 JavaThread "Notification Thread" daemon [_thread_blocked, id=9096, stack(0x00000078eff00000,0x00000078f0000000)]
  0x0000024beae40f00 JavaThread "Common-Cleaner" daemon [_thread_blocked, id=9300, stack(0x00000078f0100000,0x00000078f0200000)]
  0x0000024bec59f210 JavaThread "Thread-0" [_thread_blocked, id=10808, stack(0x00000078f0300000,0x00000078f0400000)]

Other Threads:
=>0x0000024bd37c00c0 VMThread "VM Thread" [stack: 0x00000078ef500000,0x00000078ef600000] [id=12664]
  0x0000024beae34240 WatcherThread [stack: 0x00000078f0000000,0x00000078f0100000] [id=8968]
  0x0000024bd372ecb0 GCTaskThread "GC Thread#0" [stack: 0x00000078ef000000,0x00000078ef100000] [id=10648]
  0x0000024beb0363b0 GCTaskThread "GC Thread#1" [stack: 0x00000078f0200000,0x00000078f0300000] [id=4812]
  0x0000024bd3737830 ConcurrentGCThread "G1 Main Marker" [stack: 0x00000078ef100000,0x00000078ef200000] [id=8484]
  0x0000024bd3738b20 ConcurrentGCThread "G1 Conc#0" [stack: 0x00000078ef200000,0x00000078ef300000] [id=12000]
  0x0000024bd377e460 ConcurrentGCThread "G1 Refine#0" [stack: 0x00000078ef300000,0x00000078ef400000] [id=7532]
  0x0000024bd377f760 ConcurrentGCThread "G1 Service" [stack: 0x00000078ef400000,0x00000078ef500000] [id=10564]

Threads with active compile tasks:

VM state: at safepoint (normal execution)

VM Mutex/Monitor currently owned by a thread:  ([mutex/lock_event])
[0x0000024bd36fdba0] Threads_lock - owner thread: 0x0000024bd37c00c0
[0x0000024bd36fdcc0] Heap_lock - owner thread: 0x0000024bd3701ff0

Heap address: 0x00000000c1e00000, size: 994 MB, Compressed Oops mode: 32-bit

CDS archive(s) not mapped
Compressed class space mapped at: 0x0000000100000000-0x0000000140000000, reserved size: 1073741824
Narrow klass base: 0x0000000000000000, Narrow klass shift: 3, Narrow klass range: 0x140000000

GC Precious Log:
 CPUs: 2 total, 2 available
 Memory: 3975M
 Large Page Support: Disabled
 NUMA Support: Disabled
 Compressed Oops: Enabled (32-bit)
 Heap Region Size: 1M
 Heap Min Capacity: 8M
 Heap Initial Capacity: 64M
 Heap Max Capacity: 994M
 Pre-touch: Disabled
 Parallel Workers: 2
 Concurrent Workers: 1
 Concurrent Refinement Workers: 2
 Periodic GC: Disabled

Heap:
 garbage-first heap   total 65536K, used 10850K [0x00000000c1e00000, 0x0000000100000000)
  region size 1024K, 1 young (1024K), 1 survivors (1024K)
 Metaspace       used 24407K, committed 24640K, reserved 1073152K
  class space    used 2697K, committed 2816K, reserved 1048576K

Heap Regions: E=young(eden), S=young(survivor), O=old, HS=humongous(starts), HC=humongous(continues), CS=collection set, F=free, OA=open archive, CA=closed archive, TAMS=top-at-mark-start (previous, next)
|   0|0x00000000c1e00000, 0x00000000c1f00000, 0x00000000c1f00000|100%|HS|  |TAMS 0x00000000c1f00000, 0x00000000c1e00000| Complete 
|   1|0x00000000c1f00000, 0x00000000c2000000, 0x00000000c2000000|100%| O|  |TAMS 0x00000000c2000000, 0x00000000c1f00000| Untracked 
|   2|0x00000000c2000000, 0x00000000c2100000, 0x00000000c2100000|100%| O|  |TAMS 0x00000000c2100000, 0x00000000c2000000| Untracked 
|   3|0x00000000c2100000, 0x00000000c2200000, 0x00000000c2200000|100%| O|  |TAMS 0x00000000c2200000, 0x00000000c2100000| Untracked 
|   4|0x00000000c2200000, 0x00000000c2300000, 0x00000000c2300000|100%| O|  |TAMS 0x00000000c2300000, 0x00000000c2200000| Untracked 
|   5|0x00000000c2300000, 0x00000000c2300000, 0x00000000c2400000|  0%| F|  |TAMS 0x00000000c2300000, 0x00000000c2300000| Untracked 
|   6|0x00000000c2400000, 0x00000000c2500000, 0x00000000c2500000|100%| O|  |TAMS 0x00000000c2400000, 0x00000000c2400000| Untracked 
|   7|0x00000000c2500000, 0x00000000c2600000, 0x00000000c2600000|100%| O|  |TAMS 0x00000000c2500000, 0x00000000c2500000| Untracked 
|   8|0x00000000c2600000, 0x00000000c2700000, 0x00000000c2700000|100%| O|  |TAMS 0x00000000c2600000, 0x00000000c2600000| Untracked 
|   9|0x00000000c2700000, 0x00000000c2800000, 0x00000000c2800000|100%| O|  |TAMS 0x00000000c2700000, 0x00000000c2700000| Untracked 
|  10|0x00000000c2800000, 0x00000000c2900000, 0x00000000c2900000|100%| O|  |TAMS 0x00000000c2800000, 0x00000000c2800000| Untracked 
|  11|0x00000000c2900000, 0x00000000c2981e00, 0x00000000c2a00000| 50%| O|  |TAMS 0x00000000c2900000, 0x00000000c2900000| Untracked 
|  12|0x00000000c2a00000, 0x00000000c2a00000, 0x00000000c2b00000|  0%| F|  |TAMS 0x00000000c2a00000, 0x00000000c2a00000| Untracked 
|  13|0x00000000c2b00000, 0x00000000c2b00000, 0x00000000c2c00000|  0%| F|  |TAMS 0x00000000c2b00000, 0x00000000c2b00000| Untracked 
|  14|0x00000000c2c00000, 0x00000000c2c00000, 0x00000000c2d00000|  0%| F|  |TAMS 0x00000000c2c00000, 0x00000000c2c00000| Untracked 
|  15|0x00000000c2d00000, 0x00000000c2d00000, 0x00000000c2e00000|  0%| F|  |TAMS 0x00000000c2d00000, 0x00000000c2d00000| Untracked 
|  16|0x00000000c2e00000, 0x00000000c2e00000, 0x00000000c2f00000|  0%| F|  |TAMS 0x00000000c2e00000, 0x00000000c2e00000| Untracked 
|  17|0x00000000c2f00000, 0x00000000c2f00000, 0x00000000c3000000|  0%| F|  |TAMS 0x00000000c2f00000, 0x00000000c2f00000| Untracked 
|  18|0x00000000c3000000, 0x00000000c3000000, 0x00000000c3100000|  0%| F|  |TAMS 0x00000000c3000000, 0x00000000c3000000| Untracked 
|  19|0x00000000c3100000, 0x00000000c3100000, 0x00000000c3200000|  0%| F|  |TAMS 0x00000000c3100000, 0x00000000c3100000| Untracked 
|  20|0x00000000c3200000, 0x00000000c3216c68, 0x00000000c3300000|  8%| S|CS|TAMS 0x00000000c3200000, 0x00000000c3200000| Complete 
|  21|0x00000000c3300000, 0x00000000c3300000, 0x00000000c3400000|  0%| F|  |TAMS 0x00000000c3300000, 0x00000000c3300000| Untracked 
|  22|0x00000000c3400000, 0x00000000c3400000, 0x00000000c3500000|  0%| F|  |TAMS 0x00000000c3400000, 0x00000000c3400000| Untracked 
|  23|0x00000000c3500000, 0x00000000c3500000, 0x00000000c3600000|  0%| F|  |TAMS 0x00000000c3500000, 0x00000000c3500000| Untracked 
|  24|0x00000000c3600000, 0x00000000c3600000, 0x00000000c3700000|  0%| F|  |TAMS 0x00000000c3600000, 0x00000000c3600000| Untracked 
|  25|0x00000000c3700000, 0x00000000c3700000, 0x00000000c3800000|  0%| F|  |TAMS 0x00000000c3700000, 0x00000000c3700000| Untracked 
|  26|0x00000000c3800000, 0x00000000c3800000, 0x00000000c3900000|  0%| F|  |TAMS 0x00000000c3800000, 0x00000000c3800000| Untracked 
|  27|0x00000000c3900000, 0x00000000c3900000, 0x00000000c3a00000|  0%| F|  |TAMS 0x00000000c3900000, 0x00000000c3900000| Untracked 
|  28|0x00000000c3a00000, 0x00000000c3a00000, 0x00000000c3b00000|  0%| F|  |TAMS 0x00000000c3a00000, 0x00000000c3a00000| Untracked 
|  29|0x00000000c3b00000, 0x00000000c3b00000, 0x00000000c3c00000|  0%| F|  |TAMS 0x00000000c3b00000, 0x00000000c3b00000| Untracked 
|  30|0x00000000c3c00000, 0x00000000c3c00000, 0x00000000c3d00000|  0%| F|  |TAMS 0x00000000c3c00000, 0x00000000c3c00000| Untracked 
|  31|0x00000000c3d00000, 0x00000000c3d00000, 0x00000000c3e00000|  0%| F|  |TAMS 0x00000000c3d00000, 0x00000000c3d00000| Untracked 
|  32|0x00000000c3e00000, 0x00000000c3e00000, 0x00000000c3f00000|  0%| F|  |TAMS 0x00000000c3e00000, 0x00000000c3e00000| Untracked 
|  33|0x00000000c3f00000, 0x00000000c3f00000, 0x00000000c4000000|  0%| F|  |TAMS 0x00000000c3f00000, 0x00000000c3f00000| Untracked 
|  34|0x00000000c4000000, 0x00000000c4000000, 0x00000000c4100000|  0%| F|  |TAMS 0x00000000c4000000, 0x00000000c4000000| Untracked 
|  35|0x00000000c4100000, 0x00000000c4100000, 0x00000000c4200000|  0%| F|  |TAMS 0x00000000c4100000, 0x00000000c4100000| Untracked 
|  36|0x00000000c4200000, 0x00000000c4200000, 0x00000000c4300000|  0%| F|  |TAMS 0x00000000c4200000, 0x00000000c4200000| Untracked 
|  37|0x00000000c4300000, 0x00000000c4300000, 0x00000000c4400000|  0%| F|  |TAMS 0x00000000c4300000, 0x00000000c4300000| Untracked 
|  38|0x00000000c4400000, 0x00000000c4400000, 0x00000000c4500000|  0%| F|  |TAMS 0x00000000c4400000, 0x00000000c4400000| Untracked 
|  39|0x00000000c4500000, 0x00000000c4500000, 0x00000000c4600000|  0%| F|  |TAMS 0x00000000c4500000, 0x00000000c4500000| Untracked 
|  40|0x00000000c4600000, 0x00000000c4600000, 0x00000000c4700000|  0%| F|  |TAMS 0x00000000c4600000, 0x00000000c4600000| Untracked 
|  41|0x00000000c4700000, 0x00000000c4700000, 0x00000000c4800000|  0%| F|  |TAMS 0x00000000c4700000, 0x00000000c4700000| Untracked 
|  42|0x00000000c4800000, 0x00000000c4800000, 0x00000000c4900000|  0%| F|  |TAMS 0x00000000c4800000, 0x00000000c4800000| Untracked 
|  43|0x00000000c4900000, 0x00000000c4900000, 0x00000000c4a00000|  0%| F|  |TAMS 0x00000000c4900000, 0x00000000c4900000| Untracked 
|  44|0x00000000c4a00000, 0x00000000c4a00000, 0x00000000c4b00000|  0%| F|  |TAMS 0x00000000c4a00000, 0x00000000c4a00000| Untracked 
|  45|0x00000000c4b00000, 0x00000000c4b00000, 0x00000000c4c00000|  0%| F|  |TAMS 0x00000000c4b00000, 0x00000000c4b00000| Untracked 
|  46|0x00000000c4c00000, 0x00000000c4c00000, 0x00000000c4d00000|  0%| F|  |TAMS 0x00000000c4c00000, 0x00000000c4c00000| Untracked 
|  47|0x00000000c4d00000, 0x00000000c4d00000, 0x00000000c4e00000|  0%| F|  |TAMS 0x00000000c4d00000, 0x00000000c4d00000| Untracked 
|  48|0x00000000c4e00000, 0x00000000c4e00000, 0x00000000c4f00000|  0%| F|  |TAMS 0x00000000c4e00000, 0x00000000c4e00000| Untracked 
|  49|0x00000000c4f00000, 0x00000000c4f00000, 0x00000000c5000000|  0%| F|  |TAMS 0x00000000c4f00000, 0x00000000c4f00000| Untracked 
|  50|0x00000000c5000000, 0x00000000c5000000, 0x00000000c5100000|  0%| F|  |TAMS 0x00000000c5000000, 0x00000000c5000000| Untracked 
|  51|0x00000000c5100000, 0x00000000c5100000, 0x00000000c5200000|  0%| F|  |TAMS 0x00000000c5100000, 0x00000000c5100000| Untracked 
|  52|0x00000000c5200000, 0x00000000c5200000, 0x00000000c5300000|  0%| F|  |TAMS 0x00000000c5200000, 0x00000000c5200000| Untracked 
|  53|0x00000000c5300000, 0x00000000c5300000, 0x00000000c5400000|  0%| F|  |TAMS 0x00000000c5300000, 0x00000000c5300000| Untracked 
|  54|0x00000000c5400000, 0x00000000c5400000, 0x00000000c5500000|  0%| F|  |TAMS 0x00000000c5400000, 0x00000000c5400000| Untracked 
|  55|0x00000000c5500000, 0x00000000c5500000, 0x00000000c5600000|  0%| F|  |TAMS 0x00000000c5500000, 0x00000000c5500000| Untracked 
|  56|0x00000000c5600000, 0x00000000c5600000, 0x00000000c5700000|  0%| F|  |TAMS 0x00000000c5600000, 0x00000000c5600000| Untracked 
|  57|0x00000000c5700000, 0x00000000c5700000, 0x00000000c5800000|  0%| F|  |TAMS 0x00000000c5700000, 0x00000000c5700000| Untracked 
|  58|0x00000000c5800000, 0x00000000c5800000, 0x00000000c5900000|  0%| F|  |TAMS 0x00000000c5800000, 0x00000000c5800000| Untracked 
|  59|0x00000000c5900000, 0x00000000c5900000, 0x00000000c5a00000|  0%| F|  |TAMS 0x00000000c5900000, 0x00000000c5900000| Untracked 
|  60|0x00000000c5a00000, 0x00000000c5a00000, 0x00000000c5b00000|  0%| F|  |TAMS 0x00000000c5a00000, 0x00000000c5a00000| Untracked 
|  61|0x00000000c5b00000, 0x00000000c5b00000, 0x00000000c5c00000|  0%| F|  |TAMS 0x00000000c5b00000, 0x00000000c5b00000| Untracked 
|  62|0x00000000c5c00000, 0x00000000c5c00000, 0x00000000c5d00000|  0%| F|  |TAMS 0x00000000c5c00000, 0x00000000c5c00000| Untracked 
|  63|0x00000000c5d00000, 0x00000000c5d00000, 0x00000000c5e00000|  0%| F|  |TAMS 0x00000000c5d00000, 0x00000000c5d00000| Untracked 

Card table byte_map: [0x0000024be5da0000,0x0000024be5fa0000] _byte_map_base: 0x0000024be5791000

Marking Bits (Prev, Next): (CMBitMap*) 0x0000024bd372f300, (CMBitMap*) 0x0000024bd372f2c0
 Prev Bits: [0x0000024be7130000, 0x0000024be80b8000)
 Next Bits: [0x0000024be61a0000, 0x0000024be7128000)

Polling page: 0x0000024bd15a0000

Metaspace:

Usage:
  Non-class:     21.20 MB used.
      Class:      2.63 MB used.
       Both:     23.84 MB used.

Virtual space:
  Non-class space:       24.00 MB reserved,      21.31 MB ( 89%) committed,  3 nodes.
      Class space:        1.00 GB reserved,       2.75 MB ( <1%) committed,  1 nodes.
             Both:        1.02 GB reserved,      24.06 MB (  2%) committed. 

Chunk freelists:
   Non-Class:  2.61 MB
       Class:  1.17 MB
        Both:  3.78 MB

MaxMetaspaceSize: unlimited
CompressedClassSpaceSize: 1.00 GB
Initial GC threshold: 21.00 MB
Current GC threshold: 35.12 MB
CDS: off
MetaspaceReclaimPolicy: balanced
 - commit_granule_bytes: 65536.
 - commit_granule_words: 8192.
 - virtual_space_node_default_size: 1048576.
 - enlarge_chunks_in_place: 1.
 - new_chunks_are_fully_committed: 0.
 - uncommit_free_chunks: 1.
 - use_allocation_guard: 0.
 - handle_deallocations: 1.


Internal statistics:

num_allocs_failed_limit: 5.
num_arena_births: 180.
num_arena_deaths: 0.
num_vsnodes_births: 4.
num_vsnodes_deaths: 0.
num_space_committed: 385.
num_space_uncommitted: 0.
num_chunks_returned_to_freelist: 5.
num_chunks_taken_from_freelist: 725.
num_chunk_merges: 5.
num_chunk_splits: 478.
num_chunks_enlarged: 374.
num_purges: 0.
num_inconsistent_stats: 0.

CodeHeap 'non-profiled nmethods': size=120064Kb used=841Kb max_used=841Kb free=119222Kb
 bounds [0x0000024bde860000, 0x0000024bdead0000, 0x0000024be5da0000]
CodeHeap 'profiled nmethods': size=120000Kb used=4190Kb max_used=4190Kb free=115809Kb
 bounds [0x0000024bd7330000, 0x0000024bd7750000, 0x0000024bde860000]
CodeHeap 'non-nmethods': size=5696Kb used=1188Kb max_used=1213Kb free=4507Kb
 bounds [0x0000024bd6da0000, 0x0000024bd7010000, 0x0000024bd7330000]
 total_blobs=2566 nmethods=2082 adapters=397
 compilation: enabled
              stopped_count=0, restarted_count=0
 full_count=0

Compilation events (20 events):
Event: 3.973 Thread 0x0000024bea391020 nmethod 2078 0x0000024bd7743d90 code [0x0000024bd7743f20, 0x0000024bd7744068]
Event: 3.973 Thread 0x0000024bea391020 2079       3       java.util.concurrent.ConcurrentHashMap$MapEntry::<init> (20 bytes)
Event: 3.974 Thread 0x0000024bea391020 nmethod 2079 0x0000024bd7744110 code [0x0000024bd77442c0, 0x0000024bd7744538]
Event: 3.974 Thread 0x0000024bea391020 2080       3       java.util.concurrent.ConcurrentHashMap$EntryIterator::next (51 bytes)
Event: 3.974 Thread 0x0000024bea391020 nmethod 2080 0x0000024bd7744610 code [0x0000024bd77447e0, 0x0000024bd7744cd8]
Event: 3.979 Thread 0x0000024bea391020 2081       3       jdk.internal.org.objectweb.asm.MethodVisitor::visitFieldInsn (20 bytes)
Event: 3.979 Thread 0x0000024bea391020 nmethod 2081 0x0000024bd7744e90 code [0x0000024bd7745040, 0x0000024bd7745248]
Event: 4.001 Thread 0x0000024bea391020 2082       3       sun.invoke.util.VerifyAccess::isModuleAccessible (97 bytes)
Event: 4.002 Thread 0x0000024bea391020 nmethod 2082 0x0000024bd7745310 code [0x0000024bd77455c0, 0x0000024bd77462c8]
Event: 4.018 Thread 0x0000024bea391020 2083       3       java.lang.invoke.DelegatingMethodHandle$Holder::reinvoke_L (20 bytes)
Event: 4.018 Thread 0x0000024bea391020 nmethod 2083 0x0000024bd7746790 code [0x0000024bd7746960, 0x0000024bd7746d98]
Event: 4.031 Thread 0x0000024bea38f640 nmethod 2073 0x0000024bde92ef90 code [0x0000024bde92f1a0, 0x0000024bde9307a0]
Event: 4.032 Thread 0x0000024bea38f640 2074       4       java.util.Properties::loadConvert (540 bytes)
Event: 4.040 Thread 0x0000024bea391020 2084       3       java.util.Arrays$ArrayList::iterator (12 bytes)
Event: 4.040 Thread 0x0000024bea391020 nmethod 2084 0x0000024bd7746e90 code [0x0000024bd7747040, 0x0000024bd77472b8]
Event: 4.043 Thread 0x0000024bea38f640 nmethod 2074 0x0000024bde931210 code [0x0000024bde9313c0, 0x0000024bde931a58]
Event: 4.043 Thread 0x0000024bea38f640 2075       4       java.lang.String::<init> (74 bytes)
Event: 4.046 Thread 0x0000024bea391020 2085       3       java.lang.invoke.DirectMethodHandle$Holder::invokeStatic (14 bytes)
Event: 4.046 Thread 0x0000024bea391020 nmethod 2085 0x0000024bd7747390 code [0x0000024bd7747560, 0x0000024bd7747998]
Event: 4.047 Thread 0x0000024bea38f640 nmethod 2075 0x0000024bde931e10 code [0x0000024bde931fa0, 0x0000024bde9323d8]

GC Heap History (15 events):
Event: 0.489 GC heap before
{Heap before GC invocations=0 (full 0):
 garbage-first heap   total 65536K, used 6144K [0x00000000c1e00000, 0x0000000100000000)
  region size 1024K, 6 young (6144K), 0 survivors (0K)
 Metaspace       used 5056K, committed 5248K, reserved 1056768K
  class space    used 422K, committed 512K, reserved 1048576K
}
Event: 0.493 GC heap after
{Heap after GC invocations=1 (full 0):
 garbage-first heap   total 65536K, used 4787K [0x00000000c1e00000, 0x0000000100000000)
  region size 1024K, 1 young (1024K), 1 survivors (1024K)
 Metaspace       used 5056K, committed 5248K, reserved 1056768K
  class space    used 422K, committed 512K, reserved 1048576K
}
Event: 0.705 GC heap before
{Heap before GC invocations=1 (full 0):
 garbage-first heap   total 65536K, used 6835K [0x00000000c1e00000, 0x0000000100000000)
  region size 1024K, 4 young (4096K), 1 survivors (1024K)
 Metaspace       used 7649K, committed 7808K, reserved 1056768K
  class space    used 642K, committed 704K, reserved 1048576K
}
Event: 0.708 GC heap after
{Heap after GC invocations=2 (full 0):
 garbage-first heap   total 65536K, used 5780K [0x00000000c1e00000, 0x0000000100000000)
  region size 1024K, 1 young (1024K), 1 survivors (1024K)
 Metaspace       used 7649K, committed 7808K, reserved 1056768K
  class space    used 642K, committed 704K, reserved 1048576K
}
Event: 1.313 GC heap before
{Heap before GC invocations=2 (full 0):
 garbage-first heap   total 65536K, used 13972K [0x00000000c1e00000, 0x0000000100000000)
  region size 1024K, 9 young (9216K), 1 survivors (1024K)
 Metaspace       used 11095K, committed 11200K, reserved 1064960K
  class space    used 1052K, committed 1088K, reserved 1048576K
}
Event: 1.316 GC heap after
{Heap after GC invocations=3 (full 0):
 garbage-first heap   total 65536K, used 6659K [0x00000000c1e00000, 0x0000000100000000)
  region size 1024K, 2 young (2048K), 2 survivors (2048K)
 Metaspace       used 11095K, committed 11200K, reserved 1064960K
  class space    used 1052K, committed 1088K, reserved 1048576K
}
Event: 2.268 GC heap before
{Heap before GC invocations=3 (full 0):
 garbage-first heap   total 65536K, used 19971K [0x00000000c1e00000, 0x0000000100000000)
  region size 1024K, 15 young (15360K), 2 survivors (2048K)
 Metaspace       used 15436K, committed 15680K, reserved 1064960K
  class space    used 1620K, committed 1728K, reserved 1048576K
}
Event: 2.274 GC heap after
{Heap after GC invocations=4 (full 0):
 garbage-first heap   total 65536K, used 7816K [0x00000000c1e00000, 0x0000000100000000)
  region size 1024K, 2 young (2048K), 2 survivors (2048K)
 Metaspace       used 15436K, committed 15680K, reserved 1064960K
  class space    used 1620K, committed 1728K, reserved 1048576K
}
Event: 3.215 GC heap before
{Heap before GC invocations=4 (full 0):
 garbage-first heap   total 65536K, used 27272K [0x00000000c1e00000, 0x0000000100000000)
  region size 1024K, 22 young (22528K), 2 survivors (2048K)
 Metaspace       used 21333K, committed 21504K, reserved 1073152K
  class space    used 2266K, committed 2368K, reserved 1048576K
}
Event: 3.224 GC heap after
{Heap after GC invocations=5 (full 0):
 garbage-first heap   total 65536K, used 9752K [0x00000000c1e00000, 0x0000000100000000)
  region size 1024K, 4 young (4096K), 4 survivors (4096K)
 Metaspace       used 21333K, committed 21504K, reserved 1073152K
  class space    used 2266K, committed 2368K, reserved 1048576K
}
Event: 4.052 GC heap before
{Heap before GC invocations=6 (full 0):
 garbage-first heap   total 37888K, used 27160K [0x00000000c1e00000, 0x0000000100000000)
  region size 1024K, 22 young (22528K), 4 survivors (4096K)
 Metaspace       used 24391K, committed 24576K, reserved 1073152K
  class space    used 2696K, committed 2816K, reserved 1048576K
}
Event: 4.061 GC heap after
{Heap after GC invocations=7 (full 0):
 garbage-first heap   total 37888K, used 10722K [0x00000000c1e00000, 0x0000000100000000)
  region size 1024K, 2 young (2048K), 2 survivors (2048K)
 Metaspace       used 24391K, committed 24576K, reserved 1073152K
  class space    used 2696K, committed 2816K, reserved 1048576K
}
Event: 4.063 GC heap before
{Heap before GC invocations=7 (full 0):
 garbage-first heap   total 37888K, used 10722K [0x00000000c1e00000, 0x0000000100000000)
  region size 1024K, 3 young (3072K), 2 survivors (2048K)
 Metaspace       used 24391K, committed 24576K, reserved 1073152K
  class space    used 2696K, committed 2816K, reserved 1048576K
}
Event: 4.067 GC heap after
{Heap after GC invocations=8 (full 0):
 garbage-first heap   total 37888K, used 11100K [0x00000000c1e00000, 0x0000000100000000)
  region size 1024K, 1 young (1024K), 1 survivors (1024K)
 Metaspace       used 24391K, committed 24576K, reserved 1073152K
  class space    used 2696K, committed 2816K, reserved 1048576K
}
Event: 4.072 GC heap before
{Heap before GC invocations=8 (full 0):
 garbage-first heap   total 37888K, used 25436K [0x00000000c1e00000, 0x0000000100000000)
  region size 1024K, 16 young (16384K), 1 survivors (1024K)
 Metaspace       used 24407K, committed 24640K, reserved 1073152K
  class space    used 2697K, committed 2816K, reserved 1048576K
}

Deoptimization events (20 events):
Event: 3.568 Thread 0x0000024bd3701ff0 DEOPT PACKING pc=0x0000024bde8cc414 sp=0x00000078eeffcc40
Event: 3.568 Thread 0x0000024bd3701ff0 DEOPT UNPACKING pc=0x0000024bd6df239d sp=0x00000078eeffcb88 mode 2
Event: 3.635 Thread 0x0000024bebd3c260 Uncommon trap: trap_request=0xffffff45 fr.pc=0x0000024bde8f3798 relative=0x0000000000000cb8
Event: 3.635 Thread 0x0000024bebd3c260 Uncommon trap: reason=unstable_if action=reinterpret pc=0x0000024bde8f3798 method=jdk.internal.org.objectweb.asm.Frame.execute(IILjdk/internal/org/objectweb/asm/Symbol;Ljdk/internal/org/objectweb/asm/SymbolTable;)V @ 1 c2
Event: 3.635 Thread 0x0000024bebd3c260 DEOPT PACKING pc=0x0000024bde8f3798 sp=0x00000078f03fc210
Event: 3.635 Thread 0x0000024bebd3c260 DEOPT UNPACKING pc=0x0000024bd6df239d sp=0x00000078f03fc1c8 mode 2
Event: 3.735 Thread 0x0000024bd3701ff0 Uncommon trap: trap_request=0xffffffc6 fr.pc=0x0000024bde901d80 relative=0x00000000000019e0
Event: 3.735 Thread 0x0000024bd3701ff0 Uncommon trap: reason=bimorphic_or_optimized_type_check action=maybe_recompile pc=0x0000024bde901d80 method=java.util.HashMap.putVal(ILjava/lang/Object;Ljava/lang/Object;ZZ)Ljava/lang/Object; @ 91 c2
Event: 3.735 Thread 0x0000024bd3701ff0 DEOPT PACKING pc=0x0000024bde901d80 sp=0x00000078eeffe5f0
Event: 3.735 Thread 0x0000024bd3701ff0 DEOPT UNPACKING pc=0x0000024bd6df239d sp=0x00000078eeffe4a8 mode 2
Event: 3.736 Thread 0x0000024bd3701ff0 Uncommon trap: trap_request=0xffffffc6 fr.pc=0x0000024bde901d80 relative=0x00000000000019e0
Event: 3.736 Thread 0x0000024bd3701ff0 Uncommon trap: reason=bimorphic_or_optimized_type_check action=maybe_recompile pc=0x0000024bde901d80 method=java.util.HashMap.putVal(ILjava/lang/Object;Ljava/lang/Object;ZZ)Ljava/lang/Object; @ 91 c2
Event: 3.736 Thread 0x0000024bd3701ff0 DEOPT PACKING pc=0x0000024bde901d80 sp=0x00000078eeffe680
Event: 3.736 Thread 0x0000024bd3701ff0 DEOPT UNPACKING pc=0x0000024bd6df239d sp=0x00000078eeffe538 mode 2
Event: 3.972 Thread 0x0000024bd3701ff0 DEOPT PACKING pc=0x0000024bd74c96d9 sp=0x00000078eeffe290
Event: 3.972 Thread 0x0000024bd3701ff0 DEOPT UNPACKING pc=0x0000024bd6df2b24 sp=0x00000078eeffd780 mode 0
Event: 3.972 Thread 0x0000024bd3701ff0 DEOPT PACKING pc=0x0000024bd745e74e sp=0x00000078eeffe2c0
Event: 3.972 Thread 0x0000024bd3701ff0 DEOPT UNPACKING pc=0x0000024bd6df2b24 sp=0x00000078eeffd788 mode 0
Event: 4.010 Thread 0x0000024bec59f210 DEOPT PACKING pc=0x0000024bd762d008 sp=0x00000078f03fdff0
Event: 4.010 Thread 0x0000024bec59f210 DEOPT UNPACKING pc=0x0000024bd6df2b24 sp=0x00000078f03fd4f8 mode 0

Classes unloaded (0 events):
No events

Classes redefined (0 events):
No events

Internal exceptions (20 events):
Event: 2.141 Thread 0x0000024bd3701ff0 Exception <a 'java/lang/NoSuchMethodError'{0x00000000c5031be8}: 'void java.lang.invoke.DirectMethodHandle$Holder.invokeStaticInit(java.lang.Object, java.lang.Object)'> (0x00000000c5031be8) 
thrown [e:\jenkins\tmp\workspace\build\src\src\hotspot\share\interpreter\linkResolver.cpp, line 766]
Event: 2.144 Thread 0x0000024bd3701ff0 Exception <a 'java/lang/NoSuchMethodError'{0x00000000c503edb8}: 'void java.lang.invoke.DirectMethodHandle$Holder.invokeStaticInit(java.lang.Object, java.lang.Object, java.lang.Object)'> (0x00000000c503edb8) 
thrown [e:\jenkins\tmp\workspace\build\src\src\hotspot\share\interpreter\linkResolver.cpp, line 766]
Event: 2.155 Thread 0x0000024bd3701ff0 Exception <a 'java/lang/NoSuchMethodError'{0x00000000c507c1e8}: 'java.lang.Object java.lang.invoke.DirectMethodHandle$Holder.invokeStatic(java.lang.Object, java.lang.Object, long, java.lang.Object)'> (0x00000000c507c1e8) 
thrown [e:\jenkins\tmp\workspace\build\src\src\hotspot\share\interpreter\linkResolver.cpp, line 766]
Event: 2.156 Thread 0x0000024bd3701ff0 Exception <a 'java/lang/NoSuchMethodError'{0x00000000c507fc80}: 'java.lang.Object java.lang.invoke.DirectMethodHandle$Holder.invokeStaticInit(java.lang.Object, java.lang.Object, long, java.lang.Object)'> (0x00000000c507fc80) 
thrown [e:\jenkins\tmp\workspace\build\src\src\hotspot\share\interpreter\linkResolver.cpp, line 766]
Event: 2.157 Thread 0x0000024bd3701ff0 Exception <a 'java/lang/NoSuchMethodError'{0x00000000c5086658}: 'java.lang.Object java.lang.invoke.DirectMethodHandle$Holder.newInvokeSpecial(java.lang.Object, java.lang.Object, long)'> (0x00000000c5086658) 
thrown [e:\jenkins\tmp\workspace\build\src\src\hotspot\share\interpreter\linkResolver.cpp, line 766]
Event: 2.157 Thread 0x0000024bd3701ff0 Exception <a 'java/lang/NoSuchMethodError'{0x00000000c508a1c8}: 'java.lang.Object java.lang.invoke.Invokers$Holder.linkToTargetMethod(java.lang.Object, long, java.lang.Object)'> (0x00000000c508a1c8) 
thrown [e:\jenkins\tmp\workspace\build\src\src\hotspot\share\interpreter\linkResolver.cpp, line 766]
Event: 2.210 Thread 0x0000024bd3701ff0 Exception <a 'java/lang/NoSuchMethodError'{0x00000000c50e00f0}: 'void java.lang.invoke.DirectMethodHandle$Holder.invokeVirtual(java.lang.Object, java.lang.Object, java.lang.Object, java.lang.Object)'> (0x00000000c50e00f0) 
thrown [e:\jenkins\tmp\workspace\build\src\src\hotspot\share\interpreter\linkResolver.cpp, line 766]
Event: 2.299 Thread 0x0000024bd3701ff0 Exception <a 'java/lang/NoSuchMethodError'{0x00000000c5d4b2b8}: 'void java.lang.invoke.DirectMethodHandle$Holder.invokeSpecial(java.lang.Object, java.lang.Object, java.lang.Object)'> (0x00000000c5d4b2b8) 
thrown [e:\jenkins\tmp\workspace\build\src\src\hotspot\share\interpreter\linkResolver.cpp, line 766]
Event: 2.300 Thread 0x0000024bd3701ff0 Exception <a 'java/lang/NoSuchMethodError'{0x00000000c5d51890}: 'void java.lang.invoke.DirectMethodHandle$Holder.invokeSpecial(java.lang.Object, java.lang.Object, java.lang.Object, java.lang.Object, java.lang.Object)'> (0x00000000c5d51890) 
thrown [e:\jenkins\tmp\workspace\build\src\src\hotspot\share\interpreter\linkResolver.cpp, line 766]
Event: 2.377 Thread 0x0000024bd3701ff0 Exception <a 'java/lang/IncompatibleClassChangeError'{0x00000000c5c5d378}: Found class java.lang.Object, but interface was expected> (0x00000000c5c5d378) 
thrown [e:\jenkins\tmp\workspace\build\src\src\hotspot\share\interpreter\linkResolver.cpp, line 833]
Event: 2.394 Thread 0x0000024bebd3c260 Exception <a 'java/lang/NoClassDefFoundError'{0x00000000c5c96538}: jakarta/validation/Validation> (0x00000000c5c96538) 
thrown [e:\jenkins\tmp\workspace\build\src\src\hotspot\share\classfile\systemDictionary.cpp, line 245]
Event: 2.650 Thread 0x0000024bd3701ff0 Exception <a 'java/lang/NoSuchMethodError'{0x00000000c538b048}: 'java.lang.Object java.lang.invoke.DirectMethodHandle$Holder.invokeStatic(java.lang.Object, int, java.lang.Object)'> (0x00000000c538b048) 
thrown [e:\jenkins\tmp\workspace\build\src\src\hotspot\share\interpreter\linkResolver.cpp, line 766]
Event: 3.354 Thread 0x0000024bd3701ff0 Exception <a 'java/lang/NoSuchMethodError'{0x00000000c3b92858}: 'int java.lang.invoke.DirectMethodHandle$Holder.invokeSpecial(java.lang.Object, java.lang.Object, java.lang.Object, java.lang.Object, java.lang.Object)'> (0x00000000c3b92858) 
thrown [e:\jenkins\tmp\workspace\build\src\src\hotspot\share\interpreter\linkResolver.cpp, line 766]
Event: 3.359 Thread 0x0000024bd3701ff0 Exception <a 'java/lang/NoSuchMethodError'{0x00000000c3b9ba90}: 'void java.lang.invoke.DirectMethodHandle$Holder.invokeVirtual(java.lang.Object, java.lang.Object)'> (0x00000000c3b9ba90) 
thrown [e:\jenkins\tmp\workspace\build\src\src\hotspot\share\interpreter\linkResolver.cpp, line 766]
Event: 3.635 Thread 0x0000024bebd3c260 Exception <a 'java/lang/NoSuchMethodError'{0x00000000c3441590}: 'long java.lang.invoke.DirectMethodHandle$Holder.invokeSpecial(java.lang.Object, java.lang.Object)'> (0x00000000c3441590) 
thrown [e:\jenkins\tmp\workspace\build\src\src\hotspot\share\interpreter\linkResolver.cpp, line 766]
Event: 3.639 Thread 0x0000024bebd3c260 Exception <a 'java/lang/NoSuchMethodError'{0x00000000c34c7758}: 'long java.lang.invoke.DirectMethodHandle$Holder.invokeStatic(java.lang.Object, java.lang.Object)'> (0x00000000c34c7758) 
thrown [e:\jenkins\tmp\workspace\build\src\src\hotspot\share\interpreter\linkResolver.cpp, line 766]
Event: 3.640 Thread 0x0000024bebd3c260 Exception <a 'java/lang/NoSuchMethodError'{0x00000000c34cad58}: 'long java.lang.invoke.DirectMethodHandle$Holder.invokeStaticInit(java.lang.Object, java.lang.Object)'> (0x00000000c34cad58) 
thrown [e:\jenkins\tmp\workspace\build\src\src\hotspot\share\interpreter\linkResolver.cpp, line 766]
Event: 3.648 Thread 0x0000024bebd3c260 Exception <a 'java/lang/NoSuchMethodError'{0x00000000c34d8900}: 'long java.lang.invoke.DirectMethodHandle$Holder.invokeInterface(java.lang.Object, java.lang.Object)'> (0x00000000c34d8900) 
thrown [e:\jenkins\tmp\workspace\build\src\src\hotspot\share\interpreter\linkResolver.cpp, line 766]
Event: 3.649 Thread 0x0000024bebd3c260 Exception <a 'java/lang/IncompatibleClassChangeError'{0x00000000c34dbe90}: Found class java.lang.Object, but interface was expected> (0x00000000c34dbe90) 
thrown [e:\jenkins\tmp\workspace\build\src\src\hotspot\share\interpreter\linkResolver.cpp, line 833]
Event: 3.705 Thread 0x0000024bebd3c260 Exception <a 'java/lang/NoSuchMethodError'{0x00000000c33c67c8}: 'java.lang.Object java.lang.invoke.DirectMethodHandle$Holder.invokeVirtual(java.lang.Object, java.lang.Object, java.lang.Object, java.lang.Object)'> (0x00000000c33c67c8) 
thrown [e:\jenkins\tmp\workspace\build\src\src\hotspot\share\interpreter\linkResolver.cpp, line 766]

VM Operations (20 events):
Event: 3.130 Executing VM operation: HandshakeAllThreads done
Event: 3.184 Executing VM operation: HandshakeAllThreads
Event: 3.184 Executing VM operation: HandshakeAllThreads done
Event: 3.215 Executing VM operation: CollectForMetadataAllocation
Event: 3.224 Executing VM operation: CollectForMetadataAllocation done
Event: 3.228 Executing VM operation: CollectForMetadataAllocation
Event: 3.229 Executing VM operation: CollectForMetadataAllocation done
Event: 3.232 Executing VM operation: G1Concurrent
Event: 3.235 Executing VM operation: G1Concurrent done
Event: 3.236 Executing VM operation: G1Concurrent
Event: 3.238 Executing VM operation: G1Concurrent done
Event: 3.278 Executing VM operation: HandshakeAllThreads
Event: 3.278 Executing VM operation: HandshakeAllThreads done
Event: 3.320 Executing VM operation: HandshakeAllThreads
Event: 3.320 Executing VM operation: HandshakeAllThreads done
Event: 4.051 Executing VM operation: G1CollectForAllocation
Event: 4.061 Executing VM operation: G1CollectForAllocation done
Event: 4.063 Executing VM operation: G1CollectForAllocation
Event: 4.067 Executing VM operation: G1CollectForAllocation done
Event: 4.072 Executing VM operation: G1CollectForAllocation

Events (20 events):
Event: 3.371 loading class java/util/regex/Pattern$Loop done
Event: 3.371 loading class java/util/regex/Pattern$LazyLoop done
Event: 3.371 loading class java/util/regex/Pattern$Prolog
Event: 3.371 loading class java/util/regex/Pattern$Prolog done
Event: 3.376 loading class java/util/regex/ASCII
Event: 3.377 loading class java/util/regex/ASCII done
Event: 3.593 loading class java/util/ArrayList$SubList
Event: 3.598 loading class java/util/ArrayList$SubList done
Event: 3.608 loading class java/util/regex/Pattern$Pos
Event: 3.608 loading class java/util/regex/Pattern$Pos done
Event: 3.635 loading class java/util/function/ToLongFunction
Event: 3.635 loading class java/util/function/ToLongFunction done
Event: 3.637 loading class java/util/function/ToIntFunction
Event: 3.637 loading class java/util/function/ToIntFunction done
Event: 3.727 Thread 0x0000024bebd3c260 Thread exited: 0x0000024bebd3c260
Event: 3.980 Thread 0x0000024bec59f210 Thread added: 0x0000024bec59f210
Event: 4.028 loading class javax/naming/ldap/LdapContext
Event: 4.029 loading class javax/naming/directory/DirContext
Event: 4.029 loading class javax/naming/directory/DirContext done
Event: 4.029 loading class javax/naming/ldap/LdapContext done


Dynamic libraries:
0x00007ff7bfbd0000 - 0x00007ff7bfbde000 	C:\Users\User\.p2\pool\plugins\org.eclipse.justj.openjdk.hotspot.jre.full.win32.x86_64_17.0.1.v20211116-1657\jre\bin\javaw.exe
0x00007ff849a90000 - 0x00007ff849c88000 	C:\WINDOWS\SYSTEM32\ntdll.dll
0x00007ff848000000 - 0x00007ff8480bf000 	C:\WINDOWS\System32\KERNEL32.DLL
0x00007ff847420000 - 0x00007ff847716000 	C:\WINDOWS\System32\KERNELBASE.dll
0x00007ff847720000 - 0x00007ff847820000 	C:\WINDOWS\System32\ucrtbase.dll
0x00007ff83db10000 - 0x00007ff83db28000 	C:\Users\User\.p2\pool\plugins\org.eclipse.justj.openjdk.hotspot.jre.full.win32.x86_64_17.0.1.v20211116-1657\jre\bin\jli.dll
0x00007ff83bdb0000 - 0x00007ff83bdc9000 	C:\Users\User\.p2\pool\plugins\org.eclipse.justj.openjdk.hotspot.jre.full.win32.x86_64_17.0.1.v20211116-1657\jre\bin\VCRUNTIME140.dll
0x00007ff837da0000 - 0x00007ff83803a000 	C:\WINDOWS\WinSxS\amd64_microsoft.windows.common-controls_6595b64144ccf1df_6.0.19041.1110_none_60b5254171f9507e\COMCTL32.dll
0x00007ff847d60000 - 0x00007ff847dfe000 	C:\WINDOWS\System32\msvcrt.dll
0x00007ff849820000 - 0x00007ff84984c000 	C:\WINDOWS\System32\GDI32.dll
0x00007ff8473a0000 - 0x00007ff8473c2000 	C:\WINDOWS\System32\win32u.dll
0x00007ff847210000 - 0x00007ff847325000 	C:\WINDOWS\System32\gdi32full.dll
0x00007ff847170000 - 0x00007ff84720d000 	C:\WINDOWS\System32\msvcp_win.dll
0x00007ff847b50000 - 0x00007ff847ced000 	C:\WINDOWS\System32\USER32.dll
0x00007ff849850000 - 0x00007ff849880000 	C:\WINDOWS\System32\IMM32.DLL
0x00007ff8428f0000 - 0x00007ff8428fc000 	C:\Users\User\.p2\pool\plugins\org.eclipse.justj.openjdk.hotspot.jre.full.win32.x86_64_17.0.1.v20211116-1657\jre\bin\vcruntime140_1.dll
0x00007ff8314b0000 - 0x00007ff831541000 	C:\Users\User\.p2\pool\plugins\org.eclipse.justj.openjdk.hotspot.jre.full.win32.x86_64_17.0.1.v20211116-1657\jre\bin\msvcp140.dll
0x00007ff8173a0000 - 0x00007ff817fe6000 	C:\Users\User\.p2\pool\plugins\org.eclipse.justj.openjdk.hotspot.jre.full.win32.x86_64_17.0.1.v20211116-1657\jre\bin\server\jvm.dll
0x00007ff848ea0000 - 0x00007ff848f4f000 	C:\WINDOWS\System32\ADVAPI32.dll
0x00007ff8485d0000 - 0x00007ff84866c000 	C:\WINDOWS\System32\sechost.dll
0x00007ff848140000 - 0x00007ff848266000 	C:\WINDOWS\System32\RPCRT4.dll
0x00007ff847cf0000 - 0x00007ff847cf8000 	C:\WINDOWS\System32\PSAPI.DLL
0x00007ff840460000 - 0x00007ff840469000 	C:\WINDOWS\SYSTEM32\WSOCK32.dll
0x00007ff848270000 - 0x00007ff8482db000 	C:\WINDOWS\System32\WS2_32.dll
0x00007ff839150000 - 0x00007ff83915a000 	C:\WINDOWS\SYSTEM32\VERSION.dll
0x00007ff831c90000 - 0x00007ff831cb7000 	C:\WINDOWS\SYSTEM32\WINMM.dll
0x00007ff845a00000 - 0x00007ff845a12000 	C:\WINDOWS\SYSTEM32\kernel.appcore.dll
0x00007ff8428a0000 - 0x00007ff8428aa000 	C:\Users\User\.p2\pool\plugins\org.eclipse.justj.openjdk.hotspot.jre.full.win32.x86_64_17.0.1.v20211116-1657\jre\bin\jimage.dll
0x00007ff833a10000 - 0x00007ff833bf4000 	C:\WINDOWS\SYSTEM32\DBGHELP.DLL
0x00007ff8337b0000 - 0x00007ff8337e4000 	C:\WINDOWS\SYSTEM32\dbgcore.DLL
0x00007ff847a60000 - 0x00007ff847ae2000 	C:\WINDOWS\System32\bcryptPrimitives.dll
0x00007ff837ac0000 - 0x00007ff837ae5000 	C:\Users\User\.p2\pool\plugins\org.eclipse.justj.openjdk.hotspot.jre.full.win32.x86_64_17.0.1.v20211116-1657\jre\bin\java.dll
0x00007ff837aa0000 - 0x00007ff837ab8000 	C:\Users\User\.p2\pool\plugins\org.eclipse.justj.openjdk.hotspot.jre.full.win32.x86_64_17.0.1.v20211116-1657\jre\bin\zip.dll
0x00007ff849000000 - 0x00007ff849744000 	C:\WINDOWS\System32\SHELL32.dll
0x00007ff844ff0000 - 0x00007ff845783000 	C:\WINDOWS\SYSTEM32\windows.storage.dll
0x00007ff848ae0000 - 0x00007ff848e34000 	C:\WINDOWS\System32\combase.dll
0x00007ff846ae0000 - 0x00007ff846b0e000 	C:\WINDOWS\SYSTEM32\Wldp.dll
0x00007ff848f50000 - 0x00007ff848ffd000 	C:\WINDOWS\System32\SHCORE.dll
0x00007ff847af0000 - 0x00007ff847b45000 	C:\WINDOWS\System32\shlwapi.dll
0x00007ff8470b0000 - 0x00007ff8470cf000 	C:\WINDOWS\SYSTEM32\profapi.dll
0x00007ff8358f0000 - 0x00007ff835909000 	C:\Users\User\.p2\pool\plugins\org.eclipse.justj.openjdk.hotspot.jre.full.win32.x86_64_17.0.1.v20211116-1657\jre\bin\net.dll
0x00007ff83d130000 - 0x00007ff83d23a000 	C:\WINDOWS\SYSTEM32\WINHTTP.dll
0x00007ff846840000 - 0x00007ff8468aa000 	C:\WINDOWS\system32\mswsock.dll
0x00007ff8358d0000 - 0x00007ff8358e5000 	C:\Users\User\.p2\pool\plugins\org.eclipse.justj.openjdk.hotspot.jre.full.win32.x86_64_17.0.1.v20211116-1657\jre\bin\nio.dll

dbghelp: loaded successfully - version: 4.0.5 - missing functions: none
symbol engine: initialized successfully - sym options: 0x614 - pdb path: .;C:\Users\User\.p2\pool\plugins\org.eclipse.justj.openjdk.hotspot.jre.full.win32.x86_64_17.0.1.v20211116-1657\jre\bin;C:\WINDOWS\SYSTEM32;C:\WINDOWS\WinSxS\amd64_microsoft.windows.common-controls_6595b64144ccf1df_6.0.19041.1110_none_60b5254171f9507e;C:\Users\User\.p2\pool\plugins\org.eclipse.justj.openjdk.hotspot.jre.full.win32.x86_64_17.0.1.v20211116-1657\jre\bin\server

VM Arguments:
jvm_args: -Dfile.encoding=UTF-8 -XX:+ShowCodeDetailsInExceptionMessages 
java_command: com.springboot.mySpringBootCRUDapp.MynewappApplication
java_class_path (initial): C:\Users\User\eclipse-workspace\eCommerceBackendHistoryWithOkta\target\classes;C:\Users\User\.m2\repository\org\springframework\boot\spring-boot-starter-data-jpa\3.1.0\spring-boot-starter-data-jpa-3.1.0.jar;C:\Users\User\.m2\repository\org\springframework\boot\spring-boot-starter-aop\3.1.0\spring-boot-starter-aop-3.1.0.jar;C:\Users\User\.m2\repository\org\springframework\spring-aop\6.0.9\spring-aop-6.0.9.jar;C:\Users\User\.m2\repository\org\aspectj\aspectjweaver\1.9.19\aspectjweaver-1.9.19.jar;C:\Users\User\.m2\repository\org\springframework\boot\spring-boot-starter-jdbc\3.1.0\spring-boot-starter-jdbc-3.1.0.jar;C:\Users\User\.m2\repository\com\zaxxer\HikariCP\5.0.1\HikariCP-5.0.1.jar;C:\Users\User\.m2\repository\org\springframework\spring-jdbc\6.0.9\spring-jdbc-6.0.9.jar;C:\Users\User\.m2\repository\org\hibernate\orm\hibernate-core\6.2.2.Final\hibernate-core-6.2.2.Final.jar;C:\Users\User\.m2\repository\jakarta\persistence\jakarta.persistence-api\3.1.0\jakarta.persistence-api-3.1.0.jar;C:\Users\User\.m2\repository\jakarta\transaction\jakarta.transaction-api\2.0.1\jakarta.transaction-api-2.0.1.jar;C:\Users\User\.m2\repository\org\jboss\logging\jboss-logging\3.5.0.Final\jboss-logging-3.5.0.Final.jar;C:\Users\User\.m2\repository\org\hibernate\common\hibernate-commons-annotations\6.0.6.Final\hibernate-commons-annotations-6.0.6.Final.jar;C:\Users\User\.m2\repository\io\smallrye\jandex\3.0.5\jandex-3.0.5.jar;C:\Users\User\.m2\repository\com\fasterxml\classmate\1.5.1\classmate-1.5.1.jar;C:\Users\User\.m2\repository\net\bytebuddy\byte-buddy\1.14.4\byte-buddy-1.14.4.jar;C:\Users\User\.m2\repository\org\glassfish\jaxb\jaxb-runtime\4.0.2\jaxb-runtime-4.0.2.jar;C:\Users\User\.m2\repository\org\glassfish\jaxb\jaxb-core\4.0.2\jaxb-core-4.0.2.jar;C:\Users\User\.m2\repository\org\eclipse\angus\angus-activation\2.0.0\angus-activation-2.0.0.jar;C:\Users\User\.m2\repository\org\glassfish\jaxb\txw2\4.0.2\txw2-4.0.2.jar;C:\Users\User\.m2\repository\com\sun\is
Launcher Type: SUN_STANDARD

[Global flags]
     intx CICompilerCount                          = 2                                         {product} {ergonomic}
     uint ConcGCThreads                            = 1                                         {product} {ergonomic}
     uint G1ConcRefinementThreads                  = 2                                         {product} {ergonomic}
   size_t G1HeapRegionSize                         = 1048576                                   {product} {ergonomic}
    uintx GCDrainStackTargetSize                   = 64                                        {product} {ergonomic}
   size_t InitialHeapSize                          = 67108864                                  {product} {ergonomic}
   size_t MarkStackSize                            = 4194304                                   {product} {ergonomic}
   size_t MaxHeapSize                              = 1042284544                                {product} {ergonomic}
   size_t MaxNewSize                               = 624951296                                 {product} {ergonomic}
   size_t MinHeapDeltaBytes                        = 1048576                                   {product} {ergonomic}
   size_t MinHeapSize                              = 8388608                                   {product} {ergonomic}
    uintx NonNMethodCodeHeapSize                   = 5826188                                {pd product} {ergonomic}
    uintx NonProfiledCodeHeapSize                  = 122916026                              {pd product} {ergonomic}
    uintx ProfiledCodeHeapSize                     = 122916026                              {pd product} {ergonomic}
    uintx ReservedCodeCacheSize                    = 251658240                              {pd product} {ergonomic}
     bool SegmentedCodeCache                       = true                                      {product} {ergonomic}
     bool ShowCodeDetailsInExceptionMessages       = true                                   {manageable} {command line}
   size_t SoftMaxHeapSize                          = 1042284544                             {manageable} {ergonomic}
     bool UseCompressedClassPointers               = true                           {product lp64_product} {ergonomic}
     bool UseCompressedOops                        = true                           {product lp64_product} {ergonomic}
     bool UseG1GC                                  = true                                      {product} {ergonomic}
     bool UseLargePagesIndividualAllocation        = false                                  {pd product} {ergonomic}

Logging:
Log output configuration:
 #0: stdout all=warning uptime,level,tags
 #1: stderr all=off uptime,level,tags

Environment Variables:
JAVA_HOME=C:\Program Files\Java\jdk1.8.0_181
PATH=C:/Users/User/Desktop/eclipse//plugins/org.eclipse.justj.openjdk.hotspot.jre.full.win32.x86_64_17.0.5.v20221102-0933/jre/bin/server;C:/Users/User/Desktop/eclipse//plugins/org.eclipse.justj.openjdk.hotspot.jre.full.win32.x86_64_17.0.5.v20221102-0933/jre/bin;c:\users\user\gcc\bin;C:\Program Files\Microsoft MPI\Bin\;C:\Program Files\Java\jdk1.8.0_181\bin;C:\Program Files (x86)\Common Files\Oracle\Java\javapath;C:\WINDOWS\system32;C:\WINDOWS;C:\WINDOWS\System32\Wbem;C:\WINDOWS\System32\WindowsPowerShell\v1.0\;C:\WINDOWS\System32\OpenSSH\;c:\altera\91sp2\quartus\bin;C:\PROGRA~2\Aldec\ACTIVE~1.1\BIN;C:\Aldec\Active-HDL 8.3\BIN;C:\Users\User\Desktop\IPZLab5\apache-maven-3.6.3\bin;C:\Program Files (x86)\Aldec\Active-HDL 8.1\BIN;C:\Program Files\MATLAB\R2017a\runtime\win64;C:\Program Files\MATLAB\R2017a\bin;C:\Program Files\Git\cmd;C:\Users\User\Desktop\Java\Простыепроектыпоосновнымтехнологиямjava\JSP,Servlets\apache-tomcat-10.0.27\bin;c:\php;C:\Program Files\nodejs\;C:\msys64\mingw64\bin;C:\install\boost_1_80_0\bin.v2;C:\install\boost_1_80_0\stage\lib;C:\msys64\usr\lib\python3.11;C:\Users\User\AppData\Local\Programs\Python\Python38-32\include;C:\Users\User\Desktop\ewfewf\boost_1_80_0;C:\Users\User\Desktop\ewfewf\boost_1_80_0\stage\lib;C:\Program Files\Microsoft MPI\Bin\;C:\Program Files\Java\jdk1.8.0_181\bin;C:\Program Files (x86)\Common Files\Oracle\Java\javapath;C:\WINDOWS\system32;C:\WINDOWS;C:\WINDOWS\System32\Wbem;C:\WINDOWS\System32\WindowsPowerShell\v1.0\;C:\WINDOWS\System32\OpenSSH\;c:\altera\91sp2\quartus\bin;C:\PROGRA~2\Aldec\ACTIVE~1.1\BIN;C:\Aldec\Active-HDL 8.3\BIN;C:\Users\User\Desktop\IPZLab5\apache-maven-3.6.3\bin;C:\Program Files (x86)\Aldec\Active-HDL 8.1\BIN;C:\Program Files\MATLAB\R2017a\runtime\win64;C:\Program Files\MATLAB\R2017a\bin;C:\Program Files\Git\cmd;C:\Users\User\Desktop\Java\Простыепроектыпоосновнымтехнологиямjava\JSP,Servlets\apache-tomcat-10.0.27\bin;C:\Program Files\nodejs\;C:\Program Files\MySQL\MySQL Shell 8.0\bin\;C:\Users\User\AppDat
USERNAME=User
OS=Windows_NT
PROCESSOR_IDENTIFIER=Intel64 Family 6 Model 58 Stepping 9, GenuineIntel



---------------  S Y S T E M  ---------------

OS:
 Windows 10 , 64 bit Build 19041 (10.0.19041.3031)
OS uptime: 1 days 3:15 hours

CPU: total 2 (initial active 2) (2 cores per cpu, 1 threads per core) family 6 model 58 stepping 9 microcode 0x21, cx8, cmov, fxsr, mmx, sse, sse2, sse3, ssse3, sse4.1, sse4.2, popcnt, tsc, tscinvbit, erms, clmul, clflush

Memory: 4k page, system-wide physical 3975M (407M free)
TotalPageFile size 8125M (AvailPageFile size 23M)
current process WorkingSet (physical memory assigned to process): 115M, peak: 115M
current process commit charge ("private bytes"): 171M, peak: 197M

vm_info: OpenJDK 64-Bit Server VM (17.0.1+12) for windows-amd64 JRE (17.0.1+12), built on Oct 20 2021 07:42:55 by "" with MS VC++ 16.7 (VS2019)

END.
